
*** Running vivado
    with args -log system_axis_data_fifo_1_0.vds -m64 -product Vivado -mode batch -messageDb vivado.pb -notrace -source system_axis_data_fifo_1_0.tcl


****** Vivado v2017.4 (64-bit)
  **** SW Build 2086221 on Fri Dec 15 20:54:30 MST 2017
  **** IP Build 2085800 on Fri Dec 15 22:25:07 MST 2017
    ** Copyright 1986-2017 Xilinx, Inc. All Rights Reserved.

source system_axis_data_fifo_1_0.tcl -notrace
Command: synth_design -top system_axis_data_fifo_1_0 -part xc7z007sclg400-1 -mode out_of_context
Starting synth_design
Attempting to get a license for feature 'Synthesis' and/or device 'xc7z007s'
INFO: [Common 17-349] Got license for feature 'Synthesis' and/or device 'xc7z007s'
INFO: Launching helper process for spawning children vivado processes
INFO: Helper process launched with PID 25268 
---------------------------------------------------------------------------------
Starting RTL Elaboration : Time (s): cpu = 00:00:07 ; elapsed = 00:00:11 . Memory (MB): peak = 1232.113 ; gain = 87.000 ; free physical = 5014 ; free virtual = 12697
---------------------------------------------------------------------------------
INFO: [Synth 8-638] synthesizing module 'system_axis_data_fifo_1_0' [/ectf/pl/src/bd/system/ip/system_axis_data_fifo_1_0/synth/system_axis_data_fifo_1_0.v:57]
INFO: [Synth 8-638] synthesizing module 'axis_data_fifo_v1_1_16_axis_data_fifo' [/ectf/pl/src/bd/system/ipshared/e3dd/hdl/axis_data_fifo_v1_1_vl_rfs.v:62]
	Parameter C_FAMILY bound to: zynq - type: string 
	Parameter C_AXIS_TDATA_WIDTH bound to: 32 - type: integer 
	Parameter C_AXIS_TID_WIDTH bound to: 1 - type: integer 
	Parameter C_AXIS_TDEST_WIDTH bound to: 1 - type: integer 
	Parameter C_AXIS_TUSER_WIDTH bound to: 1 - type: integer 
	Parameter C_AXIS_SIGNAL_SET bound to: 32'b00000000000000000000000000010011 
	Parameter C_FIFO_DEPTH bound to: 16 - type: integer 
	Parameter C_FIFO_MODE bound to: 1 - type: integer 
	Parameter C_IS_ACLK_ASYNC bound to: 0 - type: integer 
	Parameter C_SYNCHRONIZER_STAGE bound to: 2 - type: integer 
	Parameter C_ACLKEN_CONV_MODE bound to: 0 - type: integer 
	Parameter G_INDX_SS_TREADY bound to: 0 - type: integer 
	Parameter G_INDX_SS_TDATA bound to: 1 - type: integer 
	Parameter G_INDX_SS_TSTRB bound to: 2 - type: integer 
	Parameter G_INDX_SS_TKEEP bound to: 3 - type: integer 
	Parameter G_INDX_SS_TLAST bound to: 4 - type: integer 
	Parameter G_INDX_SS_TID bound to: 5 - type: integer 
	Parameter G_INDX_SS_TDEST bound to: 6 - type: integer 
	Parameter G_INDX_SS_TUSER bound to: 7 - type: integer 
	Parameter G_MASK_SS_TREADY bound to: 1 - type: integer 
	Parameter G_MASK_SS_TDATA bound to: 2 - type: integer 
	Parameter G_MASK_SS_TSTRB bound to: 4 - type: integer 
	Parameter G_MASK_SS_TKEEP bound to: 8 - type: integer 
	Parameter G_MASK_SS_TLAST bound to: 16 - type: integer 
	Parameter G_MASK_SS_TID bound to: 32 - type: integer 
	Parameter G_MASK_SS_TDEST bound to: 64 - type: integer 
	Parameter G_MASK_SS_TUSER bound to: 128 - type: integer 
	Parameter G_TASK_SEVERITY_ERR bound to: 2 - type: integer 
	Parameter G_TASK_SEVERITY_WARNING bound to: 1 - type: integer 
	Parameter G_TASK_SEVERITY_INFO bound to: 0 - type: integer 
	Parameter P_TREADY_EXISTS bound to: 1 - type: integer 
	Parameter P_TDATA_EXISTS bound to: 1 - type: integer 
	Parameter P_TSTRB_EXISTS bound to: 0 - type: integer 
	Parameter P_TKEEP_EXISTS bound to: 0 - type: integer 
	Parameter P_TLAST_EXISTS bound to: 1 - type: integer 
	Parameter P_TID_EXISTS bound to: 0 - type: integer 
	Parameter P_TDEST_EXISTS bound to: 0 - type: integer 
	Parameter P_TUSER_EXISTS bound to: 0 - type: integer 
	Parameter P_AXIS_PAYLOAD_WIDTH bound to: 33 - type: integer 
	Parameter P_WR_PNTR_WIDTH bound to: 4 - type: integer 
	Parameter P_FIFO_COUNT_WIDTH bound to: 5 - type: integer 
	Parameter P_FIFO_TYPE bound to: 2 - type: integer 
	Parameter P_IMPLEMENTATION_TYPE_AXIS bound to: 2 - type: integer 
	Parameter P_COMMON_CLOCK bound to: 1 - type: integer 
	Parameter P_MSGON_VAL bound to: 1 - type: integer 
	Parameter P_APPLICATION_TYPE_AXIS bound to: 0 - type: integer 
	Parameter LP_S_ACLKEN_CAN_TOGGLE bound to: 0 - type: integer 
	Parameter LP_M_ACLKEN_CAN_TOGGLE bound to: 0 - type: integer 
	Parameter C_DIN_WIDTH bound to: 18 - type: integer 
	Parameter C_RD_PNTR_WIDTH bound to: 10 - type: integer 
	Parameter C_WR_PNTR_WIDTH bound to: 10 - type: integer 
	Parameter C_DOUT_WIDTH bound to: 18 - type: integer 
	Parameter C_DATA_COUNT_WIDTH bound to: 10 - type: integer 
	Parameter C_RD_DATA_COUNT_WIDTH bound to: 10 - type: integer 
	Parameter C_WR_DATA_COUNT_WIDTH bound to: 10 - type: integer 
	Parameter C_AXI_ID_WIDTH bound to: 4 - type: integer 
	Parameter C_AXI_ADDR_WIDTH bound to: 32 - type: integer 
	Parameter C_AXI_DATA_WIDTH bound to: 64 - type: integer 
	Parameter C_AXI_AWUSER_WIDTH bound to: 1 - type: integer 
	Parameter C_AXI_ARUSER_WIDTH bound to: 1 - type: integer 
	Parameter C_AXI_RUSER_WIDTH bound to: 1 - type: integer 
	Parameter C_AXI_BUSER_WIDTH bound to: 1 - type: integer 
	Parameter C_AXI_WUSER_WIDTH bound to: 1 - type: integer 
	Parameter C_WR_PNTR_WIDTH_RACH bound to: 4 - type: integer 
	Parameter C_WR_PNTR_WIDTH_RDCH bound to: 10 - type: integer 
	Parameter C_WR_PNTR_WIDTH_WACH bound to: 4 - type: integer 
	Parameter C_WR_PNTR_WIDTH_WDCH bound to: 10 - type: integer 
	Parameter C_WR_PNTR_WIDTH_WRCH bound to: 4 - type: integer 
	Parameter C_RD_PNTR_WIDTH_RACH bound to: 4 - type: integer 
	Parameter C_RD_PNTR_WIDTH_RDCH bound to: 10 - type: integer 
	Parameter C_RD_PNTR_WIDTH_WACH bound to: 4 - type: integer 
	Parameter C_RD_PNTR_WIDTH_WDCH bound to: 10 - type: integer 
	Parameter C_RD_PNTR_WIDTH_WRCH bound to: 4 - type: integer 
	Parameter C_WR_PNTR_WIDTH_AXIS bound to: 4 - type: integer 
INFO: [Synth 8-5534] Detected attribute (* KEEP = "TRUE" *) [/ectf/pl/src/bd/system/ipshared/e3dd/hdl/axis_data_fifo_v1_1_vl_rfs.v:181]
INFO: [Synth 8-638] synthesizing module 'axis_infrastructure_v1_1_0_util_aclken_converter_wrapper' [/ectf/pl/src/bd/system/ipshared/0ab1/hdl/axis_infrastructure_v1_1_vl_rfs.v:600]
	Parameter C_TDATA_WIDTH bound to: 32 - type: integer 
	Parameter C_TID_WIDTH bound to: 1 - type: integer 
	Parameter C_TDEST_WIDTH bound to: 1 - type: integer 
	Parameter C_TUSER_WIDTH bound to: 1 - type: integer 
	Parameter C_SIGNAL_SET bound to: 255 - type: integer 
	Parameter C_S_ACLKEN_CAN_TOGGLE bound to: 0 - type: integer 
	Parameter C_M_ACLKEN_CAN_TOGGLE bound to: 0 - type: integer 
	Parameter G_INDX_SS_TREADY bound to: 0 - type: integer 
	Parameter G_INDX_SS_TDATA bound to: 1 - type: integer 
	Parameter G_INDX_SS_TSTRB bound to: 2 - type: integer 
	Parameter G_INDX_SS_TKEEP bound to: 3 - type: integer 
	Parameter G_INDX_SS_TLAST bound to: 4 - type: integer 
	Parameter G_INDX_SS_TID bound to: 5 - type: integer 
	Parameter G_INDX_SS_TDEST bound to: 6 - type: integer 
	Parameter G_INDX_SS_TUSER bound to: 7 - type: integer 
	Parameter G_MASK_SS_TREADY bound to: 1 - type: integer 
	Parameter G_MASK_SS_TDATA bound to: 2 - type: integer 
	Parameter G_MASK_SS_TSTRB bound to: 4 - type: integer 
	Parameter G_MASK_SS_TKEEP bound to: 8 - type: integer 
	Parameter G_MASK_SS_TLAST bound to: 16 - type: integer 
	Parameter G_MASK_SS_TID bound to: 32 - type: integer 
	Parameter G_MASK_SS_TDEST bound to: 64 - type: integer 
	Parameter G_MASK_SS_TUSER bound to: 128 - type: integer 
	Parameter G_TASK_SEVERITY_ERR bound to: 2 - type: integer 
	Parameter G_TASK_SEVERITY_WARNING bound to: 1 - type: integer 
	Parameter G_TASK_SEVERITY_INFO bound to: 0 - type: integer 
	Parameter P_TPAYLOAD_WIDTH bound to: 44 - type: integer 
INFO: [Synth 8-638] synthesizing module 'axis_infrastructure_v1_1_0_util_axis2vector' [/ectf/pl/src/bd/system/ipshared/0ab1/hdl/axis_infrastructure_v1_1_vl_rfs.v:810]
	Parameter C_TDATA_WIDTH bound to: 32 - type: integer 
	Parameter C_TID_WIDTH bound to: 1 - type: integer 
	Parameter C_TDEST_WIDTH bound to: 1 - type: integer 
	Parameter C_TUSER_WIDTH bound to: 1 - type: integer 
	Parameter C_TPAYLOAD_WIDTH bound to: 44 - type: integer 
	Parameter C_SIGNAL_SET bound to: 255 - type: integer 
	Parameter G_INDX_SS_TREADY bound to: 0 - type: integer 
	Parameter G_INDX_SS_TDATA bound to: 1 - type: integer 
	Parameter G_INDX_SS_TSTRB bound to: 2 - type: integer 
	Parameter G_INDX_SS_TKEEP bound to: 3 - type: integer 
	Parameter G_INDX_SS_TLAST bound to: 4 - type: integer 
	Parameter G_INDX_SS_TID bound to: 5 - type: integer 
	Parameter G_INDX_SS_TDEST bound to: 6 - type: integer 
	Parameter G_INDX_SS_TUSER bound to: 7 - type: integer 
	Parameter G_MASK_SS_TREADY bound to: 1 - type: integer 
	Parameter G_MASK_SS_TDATA bound to: 2 - type: integer 
	Parameter G_MASK_SS_TSTRB bound to: 4 - type: integer 
	Parameter G_MASK_SS_TKEEP bound to: 8 - type: integer 
	Parameter G_MASK_SS_TLAST bound to: 16 - type: integer 
	Parameter G_MASK_SS_TID bound to: 32 - type: integer 
	Parameter G_MASK_SS_TDEST bound to: 64 - type: integer 
	Parameter G_MASK_SS_TUSER bound to: 128 - type: integer 
	Parameter G_TASK_SEVERITY_ERR bound to: 2 - type: integer 
	Parameter G_TASK_SEVERITY_WARNING bound to: 1 - type: integer 
	Parameter G_TASK_SEVERITY_INFO bound to: 0 - type: integer 
	Parameter P_TDATA_INDX bound to: 0 - type: integer 
	Parameter P_TSTRB_INDX bound to: 32 - type: integer 
	Parameter P_TKEEP_INDX bound to: 36 - type: integer 
	Parameter P_TLAST_INDX bound to: 40 - type: integer 
	Parameter P_TID_INDX bound to: 41 - type: integer 
	Parameter P_TDEST_INDX bound to: 42 - type: integer 
	Parameter P_TUSER_INDX bound to: 43 - type: integer 
INFO: [Synth 8-256] done synthesizing module 'axis_infrastructure_v1_1_0_util_axis2vector' (1#1) [/ectf/pl/src/bd/system/ipshared/0ab1/hdl/axis_infrastructure_v1_1_vl_rfs.v:810]
INFO: [Synth 8-638] synthesizing module 'axis_infrastructure_v1_1_0_util_vector2axis' [/ectf/pl/src/bd/system/ipshared/0ab1/hdl/axis_infrastructure_v1_1_vl_rfs.v:992]
	Parameter C_TDATA_WIDTH bound to: 32 - type: integer 
	Parameter C_TID_WIDTH bound to: 1 - type: integer 
	Parameter C_TDEST_WIDTH bound to: 1 - type: integer 
	Parameter C_TUSER_WIDTH bound to: 1 - type: integer 
	Parameter C_TPAYLOAD_WIDTH bound to: 44 - type: integer 
	Parameter C_SIGNAL_SET bound to: 255 - type: integer 
	Parameter G_INDX_SS_TREADY bound to: 0 - type: integer 
	Parameter G_INDX_SS_TDATA bound to: 1 - type: integer 
	Parameter G_INDX_SS_TSTRB bound to: 2 - type: integer 
	Parameter G_INDX_SS_TKEEP bound to: 3 - type: integer 
	Parameter G_INDX_SS_TLAST bound to: 4 - type: integer 
	Parameter G_INDX_SS_TID bound to: 5 - type: integer 
	Parameter G_INDX_SS_TDEST bound to: 6 - type: integer 
	Parameter G_INDX_SS_TUSER bound to: 7 - type: integer 
	Parameter G_MASK_SS_TREADY bound to: 1 - type: integer 
	Parameter G_MASK_SS_TDATA bound to: 2 - type: integer 
	Parameter G_MASK_SS_TSTRB bound to: 4 - type: integer 
	Parameter G_MASK_SS_TKEEP bound to: 8 - type: integer 
	Parameter G_MASK_SS_TLAST bound to: 16 - type: integer 
	Parameter G_MASK_SS_TID bound to: 32 - type: integer 
	Parameter G_MASK_SS_TDEST bound to: 64 - type: integer 
	Parameter G_MASK_SS_TUSER bound to: 128 - type: integer 
	Parameter G_TASK_SEVERITY_ERR bound to: 2 - type: integer 
	Parameter G_TASK_SEVERITY_WARNING bound to: 1 - type: integer 
	Parameter G_TASK_SEVERITY_INFO bound to: 0 - type: integer 
	Parameter P_TDATA_INDX bound to: 0 - type: integer 
	Parameter P_TSTRB_INDX bound to: 32 - type: integer 
	Parameter P_TKEEP_INDX bound to: 36 - type: integer 
	Parameter P_TLAST_INDX bound to: 40 - type: integer 
	Parameter P_TID_INDX bound to: 41 - type: integer 
	Parameter P_TDEST_INDX bound to: 42 - type: integer 
	Parameter P_TUSER_INDX bound to: 43 - type: integer 
INFO: [Synth 8-256] done synthesizing module 'axis_infrastructure_v1_1_0_util_vector2axis' (2#1) [/ectf/pl/src/bd/system/ipshared/0ab1/hdl/axis_infrastructure_v1_1_vl_rfs.v:992]
INFO: [Synth 8-256] done synthesizing module 'axis_infrastructure_v1_1_0_util_aclken_converter_wrapper' (3#1) [/ectf/pl/src/bd/system/ipshared/0ab1/hdl/axis_infrastructure_v1_1_vl_rfs.v:600]
INFO: [Synth 8-638] synthesizing module 'xpm_cdc_async_rst' [/opt/Xilinx/Vivado/2017.4/data/ip/xpm/xpm_cdc/hdl/xpm_cdc.sv:1177]
INFO: [Synth 8-5534] Detected attribute (* ASYNC_REG = "TRUE" *) [/opt/Xilinx/Vivado/2017.4/data/ip/xpm/xpm_cdc/hdl/xpm_cdc.sv:1228]
INFO: [Synth 8-256] done synthesizing module 'xpm_cdc_async_rst' (4#1) [/opt/Xilinx/Vivado/2017.4/data/ip/xpm/xpm_cdc/hdl/xpm_cdc.sv:1177]
INFO: [Synth 8-256] done synthesizing module 'axis_data_fifo_v1_1_16_axis_data_fifo' (24#1) [/ectf/pl/src/bd/system/ipshared/e3dd/hdl/axis_data_fifo_v1_1_vl_rfs.v:62]
INFO: [Synth 8-256] done synthesizing module 'system_axis_data_fifo_1_0' (25#1) [/ectf/pl/src/bd/system/ip/system_axis_data_fifo_1_0/synth/system_axis_data_fifo_1_0.v:57]
WARNING: [Synth 8-3331] design axis_infrastructure_v1_1_0_util_aclken_converter_wrapper has unconnected port ACLK
WARNING: [Synth 8-3331] design axis_infrastructure_v1_1_0_util_aclken_converter_wrapper has unconnected port ARESETN
WARNING: [Synth 8-3331] design axis_infrastructure_v1_1_0_util_aclken_converter_wrapper has unconnected port S_ACLKEN
WARNING: [Synth 8-3331] design axis_infrastructure_v1_1_0_util_aclken_converter_wrapper has unconnected port M_ACLKEN
WARNING: [Synth 8-3331] design wr_status_flags_ss has unconnected port SRST_FULL_FF
WARNING: [Synth 8-3331] design wr_status_flags_ss has unconnected port WR_RST
WARNING: [Synth 8-3331] design wr_status_flags_ss has unconnected port SRST
WARNING: [Synth 8-3331] design wr_status_flags_ss has unconnected port SAFETY_CKT_WR_RST
WARNING: [Synth 8-3331] design wr_status_flags_ss has unconnected port WR_PNTR_PLUS2[3]
WARNING: [Synth 8-3331] design wr_status_flags_ss has unconnected port WR_PNTR_PLUS2[2]
WARNING: [Synth 8-3331] design wr_status_flags_ss has unconnected port WR_PNTR_PLUS2[1]
WARNING: [Synth 8-3331] design wr_status_flags_ss has unconnected port WR_PNTR_PLUS2[0]
WARNING: [Synth 8-3331] design wr_status_flags_ss has unconnected port WR_PNTR_PLUS3[3]
WARNING: [Synth 8-3331] design wr_status_flags_ss has unconnected port WR_PNTR_PLUS3[2]
WARNING: [Synth 8-3331] design wr_status_flags_ss has unconnected port WR_PNTR_PLUS3[1]
WARNING: [Synth 8-3331] design wr_status_flags_ss has unconnected port WR_PNTR_PLUS3[0]
WARNING: [Synth 8-3331] design wr_bin_cntr has unconnected port SRST
WARNING: [Synth 8-3331] design wr_logic has unconnected port WR_EN_INTO_LOGIC
WARNING: [Synth 8-3331] design wr_logic has unconnected port WR_RST_INTO_LOGIC
WARNING: [Synth 8-3331] design wr_logic has unconnected port RD_EN
WARNING: [Synth 8-3331] design wr_logic has unconnected port WR_RST_BUSY
WARNING: [Synth 8-3331] design wr_logic has unconnected port EMPTY
WARNING: [Synth 8-3331] design wr_logic has unconnected port ALMOST_EMPTY
WARNING: [Synth 8-3331] design wr_logic has unconnected port PROG_FULL_THRESH[3]
WARNING: [Synth 8-3331] design wr_logic has unconnected port PROG_FULL_THRESH[2]
WARNING: [Synth 8-3331] design wr_logic has unconnected port PROG_FULL_THRESH[1]
WARNING: [Synth 8-3331] design wr_logic has unconnected port PROG_FULL_THRESH[0]
WARNING: [Synth 8-3331] design wr_logic has unconnected port PROG_FULL_THRESH_ASSERT[3]
WARNING: [Synth 8-3331] design wr_logic has unconnected port PROG_FULL_THRESH_ASSERT[2]
WARNING: [Synth 8-3331] design wr_logic has unconnected port PROG_FULL_THRESH_ASSERT[1]
WARNING: [Synth 8-3331] design wr_logic has unconnected port PROG_FULL_THRESH_ASSERT[0]
WARNING: [Synth 8-3331] design wr_logic has unconnected port PROG_FULL_THRESH_NEGATE[3]
WARNING: [Synth 8-3331] design wr_logic has unconnected port PROG_FULL_THRESH_NEGATE[2]
WARNING: [Synth 8-3331] design wr_logic has unconnected port PROG_FULL_THRESH_NEGATE[1]
WARNING: [Synth 8-3331] design wr_logic has unconnected port PROG_FULL_THRESH_NEGATE[0]
WARNING: [Synth 8-3331] design updn_cntr has unconnected port SRST
WARNING: [Synth 8-3331] design rd_fwft has unconnected port SRST
WARNING: [Synth 8-3331] design rd_fwft has unconnected port SAFETY_CKT_RD_RST
WARNING: [Synth 8-3331] design rd_fwft has unconnected port RAM_ALMOST_EMPTY
WARNING: [Synth 8-3331] design rd_status_flags_ss has unconnected port SRST
WARNING: [Synth 8-3331] design rd_status_flags_ss has unconnected port SAFETY_CKT_RD_RST
WARNING: [Synth 8-3331] design rd_status_flags_ss has unconnected port RD_PNTR_PLUS2[3]
WARNING: [Synth 8-3331] design rd_status_flags_ss has unconnected port RD_PNTR_PLUS2[2]
WARNING: [Synth 8-3331] design rd_status_flags_ss has unconnected port RD_PNTR_PLUS2[1]
WARNING: [Synth 8-3331] design rd_status_flags_ss has unconnected port RD_PNTR_PLUS2[0]
WARNING: [Synth 8-3331] design rd_bin_cntr has unconnected port SRST
WARNING: [Synth 8-3331] design rd_logic has unconnected port RD_EN_INTO_LOGIC
WARNING: [Synth 8-3331] design rd_logic has unconnected port RD_RST_INTO_LOGIC
WARNING: [Synth 8-3331] design rd_logic has unconnected port RD_RST_BUSY
WARNING: [Synth 8-3331] design rd_logic has unconnected port RST_FULL_FF
WARNING: [Synth 8-3331] design rd_logic has unconnected port ALMOST_FULL_FB
WARNING: [Synth 8-3331] design rd_logic has unconnected port FULL
WARNING: [Synth 8-3331] design rd_logic has unconnected port WR_PNTR_PLUS1_RD[3]
WARNING: [Synth 8-3331] design rd_logic has unconnected port WR_PNTR_PLUS1_RD[2]
WARNING: [Synth 8-3331] design rd_logic has unconnected port WR_PNTR_PLUS1_RD[1]
WARNING: [Synth 8-3331] design rd_logic has unconnected port WR_PNTR_PLUS1_RD[0]
WARNING: [Synth 8-3331] design rd_logic has unconnected port PROG_EMPTY_THRESH[3]
WARNING: [Synth 8-3331] design rd_logic has unconnected port PROG_EMPTY_THRESH[2]
WARNING: [Synth 8-3331] design rd_logic has unconnected port PROG_EMPTY_THRESH[1]
WARNING: [Synth 8-3331] design rd_logic has unconnected port PROG_EMPTY_THRESH[0]
WARNING: [Synth 8-3331] design rd_logic has unconnected port PROG_EMPTY_THRESH_ASSERT[3]
WARNING: [Synth 8-3331] design rd_logic has unconnected port PROG_EMPTY_THRESH_ASSERT[2]
WARNING: [Synth 8-3331] design rd_logic has unconnected port PROG_EMPTY_THRESH_ASSERT[1]
WARNING: [Synth 8-3331] design rd_logic has unconnected port PROG_EMPTY_THRESH_ASSERT[0]
WARNING: [Synth 8-3331] design rd_logic has unconnected port PROG_EMPTY_THRESH_NEGATE[3]
WARNING: [Synth 8-3331] design rd_logic has unconnected port PROG_EMPTY_THRESH_NEGATE[2]
WARNING: [Synth 8-3331] design rd_logic has unconnected port PROG_EMPTY_THRESH_NEGATE[1]
WARNING: [Synth 8-3331] design rd_logic has unconnected port PROG_EMPTY_THRESH_NEGATE[0]
WARNING: [Synth 8-3331] design dmem has unconnected port SRST
WARNING: [Synth 8-3331] design memory has unconnected port FAB_REGOUT_EN
WARNING: [Synth 8-3331] design memory has unconnected port SFT_RST
WARNING: [Synth 8-3331] design memory has unconnected port SRST
WARNING: [Synth 8-3331] design memory has unconnected port SAFETY_CKT_RD_RST
WARNING: [Synth 8-3331] design memory has unconnected port SLEEP
WARNING: [Synth 8-3331] design memory has unconnected port INJECTDBITERR
WARNING: [Synth 8-3331] design memory has unconnected port INJECTSBITERR
WARNING: [Synth 8-3331] design output_blk has unconnected port ALMOST_FULL_I
WARNING: [Synth 8-3331] design output_blk has unconnected port PROG_FULL_I
WARNING: [Synth 8-3331] design output_blk has unconnected port ALMOST_EMPTY_I
WARNING: [Synth 8-3331] design output_blk has unconnected port PROG_EMPTY_I
WARNING: [Synth 8-3331] design output_blk has unconnected port WR_ACK_I
WARNING: [Synth 8-3331] design output_blk has unconnected port VALID_I
WARNING: [Synth 8-3331] design output_blk has unconnected port OVERFLOW_I
WARNING: [Synth 8-3331] design output_blk has unconnected port UNDERFLOW_I
WARNING: [Synth 8-3331] design output_blk has unconnected port WR_DATA_COUNT_I[4]
WARNING: [Synth 8-3331] design output_blk has unconnected port WR_DATA_COUNT_I[3]
WARNING: [Synth 8-3331] design output_blk has unconnected port WR_DATA_COUNT_I[2]
WARNING: [Synth 8-3331] design output_blk has unconnected port WR_DATA_COUNT_I[1]
WARNING: [Synth 8-3331] design output_blk has unconnected port WR_DATA_COUNT_I[0]
WARNING: [Synth 8-3331] design output_blk has unconnected port RD_DATA_COUNT_I[4]
WARNING: [Synth 8-3331] design output_blk has unconnected port RD_DATA_COUNT_I[3]
WARNING: [Synth 8-3331] design output_blk has unconnected port RD_DATA_COUNT_I[2]
WARNING: [Synth 8-3331] design output_blk has unconnected port RD_DATA_COUNT_I[1]
WARNING: [Synth 8-3331] design output_blk has unconnected port RD_DATA_COUNT_I[0]
WARNING: [Synth 8-3331] design output_blk has unconnected port SBITERR_I
WARNING: [Synth 8-3331] design output_blk has unconnected port DBITERR_I
WARNING: [Synth 8-3331] design input_blk has unconnected port RD_CLK
WARNING: [Synth 8-3331] design input_blk has unconnected port WR_CLK
WARNING: [Synth 8-3331] design input_blk has unconnected port INT_CLK
WARNING: [Synth 8-3331] design input_blk has unconnected port PROG_EMPTY_THRESH[3]
INFO: [Common 17-14] Message 'Synth 8-3331' appears 100 times and further instances of the messages will be disabled. Use the Tcl command set_msg_config to change the current settings.
---------------------------------------------------------------------------------
Finished RTL Elaboration : Time (s): cpu = 00:00:12 ; elapsed = 00:00:19 . Memory (MB): peak = 1354.645 ; gain = 209.531 ; free physical = 4968 ; free virtual = 12634
---------------------------------------------------------------------------------

Report Check Netlist: 
+------+------------------+-------+---------+-------+------------------+
|      |Item              |Errors |Warnings |Status |Description       |
+------+------------------+-------+---------+-------+------------------+
|1     |multi_driven_nets |      0|        0|Passed |Multi driven nets |
+------+------------------+-------+---------+-------+------------------+
---------------------------------------------------------------------------------
Finished RTL Optimization Phase 1 : Time (s): cpu = 00:00:12 ; elapsed = 00:00:19 . Memory (MB): peak = 1354.645 ; gain = 209.531 ; free physical = 4968 ; free virtual = 12635
---------------------------------------------------------------------------------
INFO: [Device 21-403] Loading part xc7z007sclg400-1
INFO: [Project 1-570] Preparing netlist for logic optimization

Processing XDC Constraints
Initializing timing engine
Parsing XDC File [/ectf/pl/src/bd/system/ip/system_axis_data_fifo_1_0/system_axis_data_fifo_1_0_ooc.xdc] for cell 'inst'
Finished Parsing XDC File [/ectf/pl/src/bd/system/ip/system_axis_data_fifo_1_0/system_axis_data_fifo_1_0_ooc.xdc] for cell 'inst'
Parsing XDC File [/ectf/pl/src/bd/system/ip/system_axis_data_fifo_1_0/system_axis_data_fifo_1_0/system_axis_data_fifo_1_0.xdc] for cell 'inst'
Finished Parsing XDC File [/ectf/pl/src/bd/system/ip/system_axis_data_fifo_1_0/system_axis_data_fifo_1_0/system_axis_data_fifo_1_0.xdc] for cell 'inst'
Parsing XDC File [/ectf/pl/proj/test/test.runs/system_axis_data_fifo_1_0_synth_1/dont_touch.xdc]
Finished Parsing XDC File [/ectf/pl/proj/test/test.runs/system_axis_data_fifo_1_0_synth_1/dont_touch.xdc]
Sourcing Tcl File [/opt/Xilinx/Vivado/2017.4/data/ip/xpm/xpm_cdc/tcl/xpm_cdc_async_rst.tcl] for cell 'inst/gen_fifo_generator.fifo_generator_inst/inst_fifo_gen/gaxis_fifo.gaxisf.axisf/grf.rf/rstblk/ngwrdrst.grst.g7serrst.gnsckt_wrst.rst_wr_reg2_inst'
Finished Sourcing Tcl File [/opt/Xilinx/Vivado/2017.4/data/ip/xpm/xpm_cdc/tcl/xpm_cdc_async_rst.tcl] for cell 'inst/gen_fifo_generator.fifo_generator_inst/inst_fifo_gen/gaxis_fifo.gaxisf.axisf/grf.rf/rstblk/ngwrdrst.grst.g7serrst.gnsckt_wrst.rst_wr_reg2_inst'
INFO: [Project 1-236] Implementation specific constraints were found while reading constraint file [/opt/Xilinx/Vivado/2017.4/data/ip/xpm/xpm_cdc/tcl/xpm_cdc_async_rst.tcl]. These constraints will be ignored for synthesis but will be used in implementation. Impacted constraints are listed in the file [.Xil/system_axis_data_fifo_1_0_propImpl.xdc].
Resolution: To avoid this warning, move constraints listed in [.Xil/system_axis_data_fifo_1_0_propImpl.xdc] to another XDC file and exclude this new file from synthesis with the used_in_synthesis property (File Properties dialog in GUI) and re-run elaboration/synthesis.
Completed Processing XDC Constraints

INFO: [Project 1-111] Unisim Transformation Summary:
No Unisim elements were transformed.

Constraint Validation Runtime : Time (s): cpu = 00:00:00 ; elapsed = 00:00:00 . Memory (MB): peak = 1633.684 ; gain = 0.000 ; free physical = 4670 ; free virtual = 12371
---------------------------------------------------------------------------------
Finished Constraint Validation : Time (s): cpu = 00:00:23 ; elapsed = 00:00:37 . Memory (MB): peak = 1633.684 ; gain = 488.570 ; free physical = 4840 ; free virtual = 12541
---------------------------------------------------------------------------------
---------------------------------------------------------------------------------
Start Loading Part and Timing Information
---------------------------------------------------------------------------------
Loading part: xc7z007sclg400-1
---------------------------------------------------------------------------------
Finished Loading Part and Timing Information : Time (s): cpu = 00:00:23 ; elapsed = 00:00:37 . Memory (MB): peak = 1633.684 ; gain = 488.570 ; free physical = 4840 ; free virtual = 12541
---------------------------------------------------------------------------------
---------------------------------------------------------------------------------
Start Applying 'set_property' XDC Constraints
---------------------------------------------------------------------------------
Applied set_property DONT_TOUCH = true for inst. (constraint file  /ectf/pl/proj/test/test.runs/system_axis_data_fifo_1_0_synth_1/dont_touch.xdc, line 9).
Applied set_property DONT_TOUCH = true for inst/\gen_fifo_generator.fifo_generator_inst /inst_fifo_gen/\gaxis_fifo.gaxisf.axisf /\grf.rf /rstblk/\ngwrdrst.grst.g7serrst.gnsckt_wrst.rst_wr_reg2_inst . (constraint file  auto generated constraint, line ).
---------------------------------------------------------------------------------
Finished applying 'set_property' XDC Constraints : Time (s): cpu = 00:00:23 ; elapsed = 00:00:37 . Memory (MB): peak = 1633.684 ; gain = 488.570 ; free physical = 4842 ; free virtual = 12543
---------------------------------------------------------------------------------
INFO: [Synth 8-5544] ROM "leaving_empty_fwft" won't be mapped to Block RAM because address size (2) smaller than threshold (5)
---------------------------------------------------------------------------------
Finished RTL Optimization Phase 2 : Time (s): cpu = 00:00:23 ; elapsed = 00:00:38 . Memory (MB): peak = 1633.684 ; gain = 488.570 ; free physical = 4831 ; free virtual = 12532
---------------------------------------------------------------------------------

Report RTL Partitions: 
+-+--------------+------------+----------+
| |RTL Partition |Replication |Instances |
+-+--------------+------------+----------+
+-+--------------+------------+----------+
---------------------------------------------------------------------------------
Start RTL Component Statistics 
---------------------------------------------------------------------------------
Detailed RTL Component Info : 
+---Adders : 
	   2 Input      5 Bit       Adders := 1     
	   2 Input      4 Bit       Adders := 2     
+---XORs : 
	   2 Input      1 Bit         XORs := 17    
+---Registers : 
	               33 Bit    Registers := 2     
	                5 Bit    Registers := 1     
	                4 Bit    Registers := 5     
	                2 Bit    Registers := 2     
	                1 Bit    Registers := 13    
+---Muxes : 
	   2 Input      2 Bit        Muxes := 4     
	   5 Input      2 Bit        Muxes := 1     
	   3 Input      1 Bit        Muxes := 1     
	   2 Input      1 Bit        Muxes := 3     
	   4 Input      1 Bit        Muxes := 2     
---------------------------------------------------------------------------------
Finished RTL Component Statistics 
---------------------------------------------------------------------------------
---------------------------------------------------------------------------------
Start RTL Hierarchical Component Statistics 
---------------------------------------------------------------------------------
Hierarchical RTL Component report 
Module xpm_cdc_async_rst 
Detailed RTL Component Info : 
+---Registers : 
	                2 Bit    Registers := 1     
Module reset_blk_ramfifo 
Detailed RTL Component Info : 
+---Registers : 
	                4 Bit    Registers := 1     
	                1 Bit    Registers := 3     
Module dmem 
Detailed RTL Component Info : 
+---Registers : 
	               33 Bit    Registers := 1     
Module memory 
Detailed RTL Component Info : 
+---Registers : 
	               33 Bit    Registers := 1     
Module rd_bin_cntr 
Detailed RTL Component Info : 
+---Adders : 
	   2 Input      4 Bit       Adders := 1     
+---Registers : 
	                4 Bit    Registers := 2     
Module compare 
Detailed RTL Component Info : 
+---XORs : 
	   2 Input      1 Bit         XORs := 4     
Module rd_status_flags_ss 
Detailed RTL Component Info : 
+---Registers : 
	                1 Bit    Registers := 2     
Module rd_fwft 
Detailed RTL Component Info : 
+---Registers : 
	                2 Bit    Registers := 1     
	                1 Bit    Registers := 6     
+---Muxes : 
	   2 Input      2 Bit        Muxes := 4     
	   5 Input      2 Bit        Muxes := 1     
	   3 Input      1 Bit        Muxes := 1     
	   2 Input      1 Bit        Muxes := 3     
	   4 Input      1 Bit        Muxes := 2     
Module updn_cntr 
Detailed RTL Component Info : 
+---Adders : 
	   2 Input      5 Bit       Adders := 1     
+---Registers : 
	                5 Bit    Registers := 1     
Module dc_ss_fwft 
Detailed RTL Component Info : 
+---XORs : 
	   2 Input      1 Bit         XORs := 1     
Module wr_bin_cntr 
Detailed RTL Component Info : 
+---Adders : 
	   2 Input      4 Bit       Adders := 1     
+---Registers : 
	                4 Bit    Registers := 2     
Module wr_status_flags_ss 
Detailed RTL Component Info : 
+---Registers : 
	                1 Bit    Registers := 2     
---------------------------------------------------------------------------------
Finished RTL Hierarchical Component Statistics
---------------------------------------------------------------------------------
---------------------------------------------------------------------------------
Start Part Resource Summary
---------------------------------------------------------------------------------
Part Resources:
DSPs: 66 (col length:40)
BRAMs: 100 (col length: RAMB18 40 RAMB36 20)
---------------------------------------------------------------------------------
Finished Part Resource Summary
---------------------------------------------------------------------------------
---------------------------------------------------------------------------------
Start Cross Boundary and Area Optimization
---------------------------------------------------------------------------------
---------------------------------------------------------------------------------
Finished Cross Boundary and Area Optimization : Time (s): cpu = 00:00:23 ; elapsed = 00:00:38 . Memory (MB): peak = 1633.684 ; gain = 488.570 ; free physical = 4832 ; free virtual = 12532
---------------------------------------------------------------------------------
---------------------------------------------------------------------------------
Start ROM, RAM, DSP and Shift Register Reporting
---------------------------------------------------------------------------------

Distributed RAM: Preliminary Mapping  Report (see note below)
+----------------------------------------------+------------------------------------------------------------------------------------------+----------------+----------------------+--------------+
|Module Name                                   | RTL Object                                                                               | Inference      | Size (Depth x Width) | Primitives   | 
+----------------------------------------------+------------------------------------------------------------------------------------------+----------------+----------------------+--------------+
|inst/\gen_fifo_generator.fifo_generator_inst  | inst_fifo_gen/gaxis_fifo.gaxisf.axisf/grf.rf/gntv_or_sync_fifo.mem/gdm.dm_gen.dm/RAM_reg | User Attribute | 16 x 33              | RAM32M x 6   | 
+----------------------------------------------+------------------------------------------------------------------------------------------+----------------+----------------------+--------------+

Note: The table above is a preliminary report that shows the Distributed RAMs at the current stage of the synthesis flow. Some Distributed RAMs may be reimplemented as non Distributed RAM primitives later in the synthesis flow. Multiple instantiated RAMs are reported only once.
---------------------------------------------------------------------------------
Finished ROM, RAM, DSP and Shift Register Reporting
---------------------------------------------------------------------------------

Report RTL Partitions: 
+-+--------------+------------+----------+
| |RTL Partition |Replication |Instances |
+-+--------------+------------+----------+
+-+--------------+------------+----------+
---------------------------------------------------------------------------------
Start Applying XDC Timing Constraints
---------------------------------------------------------------------------------
INFO: [Synth 8-5578] Moved timing constraint from pin 'inst/gen_fifo_generator.fifo_generator_inst/inst_fifo_gen/gaxis_fifo.gaxisf.axisf/grf.rf/rstblk/ngwrdrst.grst.g7serrst.gnsckt_wrst.rst_wr_reg2_inst/src_arst' to pin 'inst/gen_fifo_generator.fifo_generator_inst/inst_fifo_gen/inverted_reset_inferred/i_0/O'
INFO: [Synth 8-5819] Moved 1 constraints on hierarchical pins to their respective driving/loading pins
---------------------------------------------------------------------------------
Finished Applying XDC Timing Constraints : Time (s): cpu = 00:00:28 ; elapsed = 00:00:44 . Memory (MB): peak = 1633.684 ; gain = 488.570 ; free physical = 4679 ; free virtual = 12393
---------------------------------------------------------------------------------
---------------------------------------------------------------------------------
Start Timing Optimization
---------------------------------------------------------------------------------
INFO: [Synth 8-620] skipping inversion-propagation across instance 'inst/\gen_fifo_generator.fifo_generator_inst /\inst_fifo_gen/inverted_reset_inferred /i_0' with timing assertions on output pin 'O'
INFO: [Synth 8-620] skipping inversion-propagation across instance 'inst/\gen_fifo_generator.fifo_generator_inst /\inst_fifo_gen/inverted_reset_inferred /i_0' with timing assertions on output pin 'O'
---------------------------------------------------------------------------------
Finished Timing Optimization : Time (s): cpu = 00:00:28 ; elapsed = 00:00:44 . Memory (MB): peak = 1633.684 ; gain = 488.570 ; free physical = 4684 ; free virtual = 12397
---------------------------------------------------------------------------------
---------------------------------------------------------------------------------
Start ROM, RAM, DSP and Shift Register Reporting
---------------------------------------------------------------------------------

Distributed RAM: Final Mapping  Report
+----------------------------------------------+------------------------------------------------------------------------------------------+----------------+----------------------+--------------+
|Module Name                                   | RTL Object                                                                               | Inference      | Size (Depth x Width) | Primitives   | 
+----------------------------------------------+------------------------------------------------------------------------------------------+----------------+----------------------+--------------+
|inst/\gen_fifo_generator.fifo_generator_inst  | inst_fifo_gen/gaxis_fifo.gaxisf.axisf/grf.rf/gntv_or_sync_fifo.mem/gdm.dm_gen.dm/RAM_reg | User Attribute | 16 x 33              | RAM32M x 6   | 
+----------------------------------------------+------------------------------------------------------------------------------------------+----------------+----------------------+--------------+

---------------------------------------------------------------------------------
Finished ROM, RAM, DSP and Shift Register Reporting
---------------------------------------------------------------------------------

Report RTL Partitions: 
+-+--------------+------------+----------+
| |RTL Partition |Replication |Instances |
+-+--------------+------------+----------+
+-+--------------+------------+----------+
---------------------------------------------------------------------------------
Start Technology Mapping
---------------------------------------------------------------------------------
INFO: [Synth 8-620] skipping inversion-propagation across instance 'inst/\gen_fifo_generator.fifo_generator_inst /\inst_fifo_gen/inverted_reset ' with timing assertions on output pin 'O'
INFO: [Synth 8-620] skipping inversion-propagation across instance 'inst/\gen_fifo_generator.fifo_generator_inst /\inst_fifo_gen/inverted_reset ' with timing assertions on output pin 'O'
INFO: [Synth 8-620] skipping inversion-propagation across instance 'inst/\gen_fifo_generator.fifo_generator_inst /\inst_fifo_gen/inverted_reset ' with timing assertions on output pin 'O'
---------------------------------------------------------------------------------
Finished Technology Mapping : Time (s): cpu = 00:00:28 ; elapsed = 00:00:44 . Memory (MB): peak = 1633.684 ; gain = 488.570 ; free physical = 4684 ; free virtual = 12397
---------------------------------------------------------------------------------

Report RTL Partitions: 
+-+--------------+------------+----------+
| |RTL Partition |Replication |Instances |
+-+--------------+------------+----------+
+-+--------------+------------+----------+
---------------------------------------------------------------------------------
Start IO Insertion
---------------------------------------------------------------------------------
---------------------------------------------------------------------------------
Start Flattening Before IO Insertion
---------------------------------------------------------------------------------
---------------------------------------------------------------------------------
Finished Flattening Before IO Insertion
---------------------------------------------------------------------------------
---------------------------------------------------------------------------------
Start Final Netlist Cleanup
---------------------------------------------------------------------------------
---------------------------------------------------------------------------------
Finished Final Netlist Cleanup
---------------------------------------------------------------------------------
---------------------------------------------------------------------------------
Finished IO Insertion : Time (s): cpu = 00:00:28 ; elapsed = 00:00:44 . Memory (MB): peak = 1633.684 ; gain = 488.570 ; free physical = 4678 ; free virtual = 12393
---------------------------------------------------------------------------------

Report Check Netlist: 
+------+------------------+-------+---------+-------+------------------+
|      |Item              |Errors |Warnings |Status |Description       |
+------+------------------+-------+---------+-------+------------------+
|1     |multi_driven_nets |      0|        0|Passed |Multi driven nets |
+------+------------------+-------+---------+-------+------------------+
---------------------------------------------------------------------------------
Start Renaming Generated Instances
---------------------------------------------------------------------------------
---------------------------------------------------------------------------------
Finished Renaming Generated Instances : Time (s): cpu = 00:00:28 ; elapsed = 00:00:44 . Memory (MB): peak = 1633.684 ; gain = 488.570 ; free physical = 4678 ; free virtual = 12393
---------------------------------------------------------------------------------

Report RTL Partitions: 
+-+--------------+------------+----------+
| |RTL Partition |Replication |Instances |
+-+--------------+------------+----------+
+-+--------------+------------+----------+
---------------------------------------------------------------------------------
Start Rebuilding User Hierarchy
---------------------------------------------------------------------------------
---------------------------------------------------------------------------------
Finished Rebuilding User Hierarchy : Time (s): cpu = 00:00:28 ; elapsed = 00:00:44 . Memory (MB): peak = 1633.684 ; gain = 488.570 ; free physical = 4678 ; free virtual = 12393
---------------------------------------------------------------------------------
---------------------------------------------------------------------------------
Start Renaming Generated Ports
---------------------------------------------------------------------------------
---------------------------------------------------------------------------------
Finished Renaming Generated Ports : Time (s): cpu = 00:00:28 ; elapsed = 00:00:44 . Memory (MB): peak = 1633.684 ; gain = 488.570 ; free physical = 4678 ; free virtual = 12393
---------------------------------------------------------------------------------
---------------------------------------------------------------------------------
Start Handling Custom Attributes
---------------------------------------------------------------------------------
---------------------------------------------------------------------------------
Finished Handling Custom Attributes : Time (s): cpu = 00:00:28 ; elapsed = 00:00:44 . Memory (MB): peak = 1633.684 ; gain = 488.570 ; free physical = 4677 ; free virtual = 12392
---------------------------------------------------------------------------------
---------------------------------------------------------------------------------
Start Renaming Generated Nets
---------------------------------------------------------------------------------
---------------------------------------------------------------------------------
Finished Renaming Generated Nets : Time (s): cpu = 00:00:28 ; elapsed = 00:00:44 . Memory (MB): peak = 1633.684 ; gain = 488.570 ; free physical = 4677 ; free virtual = 12392
---------------------------------------------------------------------------------
---------------------------------------------------------------------------------
Start Writing Synthesis Report
---------------------------------------------------------------------------------

Report BlackBoxes: 
+-+--------------+----------+
| |BlackBox name |Instances |
+-+--------------+----------+
+-+--------------+----------+

Report Cell Usage: 
+------+-------+------+
|      |Cell   |Count |
+------+-------+------+
|1     |LUT1   |     8|
|2     |LUT2   |     4|
|3     |LUT3   |     4|
|4     |LUT4   |    13|
|5     |LUT5   |     6|
|6     |LUT6   |     5|
|7     |RAM32M |     6|
|8     |FDCE   |    22|
|9     |FDPE   |    16|
|10    |FDRE   |    70|
+------+-------+------+

Report Instance Areas: 
+------+--------------------------------------------------------------------+--------------------------------------+------+
|      |Instance                                                            |Module                                |Cells |
+------+--------------------------------------------------------------------+--------------------------------------+------+
|1     |top                                                                 |                                      |   154|
|2     |  inst                                                              |axis_data_fifo_v1_1_16_axis_data_fifo |   154|
|3     |    \gen_fifo_generator.fifo_generator_inst                         |fifo_generator_v13_2_1                |   154|
|4     |      inst_fifo_gen                                                 |fifo_generator_v13_2_1_synth          |   154|
|5     |        \gaxis_fifo.gaxisf.axisf                                    |fifo_generator_top                    |   153|
|6     |          \grf.rf                                                   |fifo_generator_ramfifo                |   153|
|7     |            \gntv_or_sync_fifo.gl0.rd                               |rd_logic                              |    42|
|8     |              \gr1.gdcf.dc                                          |dc_ss_fwft                            |    10|
|9     |                dc                                                  |updn_cntr                             |    10|
|10    |              \gr1.gr1_int.rfwft                                    |rd_fwft                               |    18|
|11    |              \grss.rsts                                            |rd_status_flags_ss                    |     2|
|12    |              rpntr                                                 |rd_bin_cntr                           |    12|
|13    |            \gntv_or_sync_fifo.gl0.wr                               |wr_logic                              |    26|
|14    |              \gwss.wsts                                            |wr_status_flags_ss                    |     6|
|15    |              wpntr                                                 |wr_bin_cntr                           |    20|
|16    |            \gntv_or_sync_fifo.mem                                  |memory                                |    72|
|17    |              \gdm.dm_gen.dm                                        |dmem                                  |    39|
|18    |            rstblk                                                  |reset_blk_ramfifo                     |    13|
|19    |              \ngwrdrst.grst.g7serrst.gnsckt_wrst.rst_wr_reg2_inst  |xpm_cdc_async_rst                     |     2|
+------+--------------------------------------------------------------------+--------------------------------------+------+
---------------------------------------------------------------------------------
Finished Writing Synthesis Report : Time (s): cpu = 00:00:28 ; elapsed = 00:00:44 . Memory (MB): peak = 1633.684 ; gain = 488.570 ; free physical = 4677 ; free virtual = 12392
---------------------------------------------------------------------------------
Synthesis finished with 0 errors, 0 critical warnings and 496 warnings.
Synthesis Optimization Runtime : Time (s): cpu = 00:00:22 ; elapsed = 00:00:32 . Memory (MB): peak = 1633.684 ; gain = 209.531 ; free physical = 4735 ; free virtual = 12450
Synthesis Optimization Complete : Time (s): cpu = 00:00:28 ; elapsed = 00:00:44 . Memory (MB): peak = 1633.684 ; gain = 488.570 ; free physical = 4735 ; free virtual = 12450
INFO: [Project 1-571] Translating synthesized netlist
INFO: [Netlist 29-17] Analyzing 6 Unisim elements for replacement
INFO: [Netlist 29-28] Unisim Transformation completed in 0 CPU seconds
INFO: [Project 1-570] Preparing netlist for logic optimization
Sourcing Tcl File [/opt/Xilinx/Vivado/2017.4/data/ip/xpm/xpm_cdc/tcl/xpm_cdc_async_rst.tcl] for cell 'inst/gen_fifo_generator.fifo_generator_inst/inst_fifo_gen/gaxis_fifo.gaxisf.axisf/grf.rf/rstblk/ngwrdrst.grst.g7serrst.gnsckt_wrst.rst_wr_reg2_inst'
INFO: [Timing 38-35] Done setting XDC timing constraints. [/opt/Xilinx/Vivado/2017.4/data/ip/xpm/xpm_cdc/tcl/xpm_cdc_async_rst.tcl:2]
all_registers: Time (s): cpu = 00:00:02 ; elapsed = 00:00:07 . Memory (MB): peak = 2078.855 ; gain = 445.172 ; free physical = 4294 ; free virtual = 12022
Finished Sourcing Tcl File [/opt/Xilinx/Vivado/2017.4/data/ip/xpm/xpm_cdc/tcl/xpm_cdc_async_rst.tcl] for cell 'inst/gen_fifo_generator.fifo_generator_inst/inst_fifo_gen/gaxis_fifo.gaxisf.axisf/grf.rf/rstblk/ngwrdrst.grst.g7serrst.gnsckt_wrst.rst_wr_reg2_inst'
INFO: [Opt 31-138] Pushed 0 inverter(s) to 0 load pin(s).
INFO: [Project 1-111] Unisim Transformation Summary:
  A total of 6 instances were transformed.
  RAM32M => RAM32M (RAMD32, RAMD32, RAMD32, RAMD32, RAMD32, RAMD32, RAMS32, RAMS32): 6 instances

INFO: [Common 17-83] Releasing license: Synthesis
36 Infos, 100 Warnings, 0 Critical Warnings and 0 Errors encountered.
synth_design completed successfully
synth_design: Time (s): cpu = 00:00:32 ; elapsed = 00:00:52 . Memory (MB): peak = 2078.855 ; gain = 947.113 ; free physical = 4346 ; free virtual = 12074
INFO: [Common 17-1381] The checkpoint '/ectf/pl/proj/test/test.runs/system_axis_data_fifo_1_0_synth_1/system_axis_data_fifo_1_0.dcp' has been generated.
