#-----------------------------------------------------------
# Vivado v2017.4 (64-bit)
# SW Build 2086221 on Fri Dec 15 20:54:30 MST 2017
# IP Build 2085800 on Fri Dec 15 22:25:07 MST 2017
# Start of session at: Wed Feb 19 22:54:53 2020
# Process ID: 23626
# Current directory: /ectf/pl
# Command line: vivado -mode batch -source ..//pl/proj/gen_bitstream.tcl -tclargs --project_file ..//pl/proj/test/test.xpr
# Log file: /ectf/pl/vivado.log
# Journal file: /ectf/pl/vivado.jou
#-----------------------------------------------------------
source ..//pl/proj/gen_bitstream.tcl
# set origin_dir "."
# set project_bd "$origin_dir/src/bd/system/system.bd"
# set synth_comp "synth_design Complete!"
# set impl_run "Running Design Initialization..."
# set bitstream_comp "write_bitstream Complete!"
# if { $::argc > 0 } {
#   for {set i 0} {$i < [llength $::argc]} {incr i} {
#     set option [string trim [lindex $::argv $i]]
#     switch -regexp -- $option {
#       "--project_file" { incr i; set project_file [lindex $::argv $i] }
#       default {
#         if { [regexp {^-} $option] } {
#           puts "ERROR: Unknown option '$option' specified, expecting --project_file arg.\n"
#           return 1
#         }
#       }
#     }
#   }
#   open_project $project_file
#   open_bd_design $project_bd
# }
INFO: [Project 1-313] Project file moved from '/ectf_datapath/pl/test' since last save.
WARNING: [Project 1-312] File not found as '/ectf/ectf/pl/src/hdl/i2s_output.vhd'; using path '/ectf/pl/src/hdl/i2s_output.vhd' instead.
WARNING: [Project 1-312] File not found as '/ectf/ectf/pl/src/bd/system/hdl/system_wrapper.vhd'; using path '/ectf/pl/src/bd/system/hdl/system_wrapper.vhd' instead.
WARNING: [Project 1-312] File not found as '/ectf/ectf/pl/src/constraints/Cora-Z7-Master.xdc'; using path '/ectf/pl/src/constraints/Cora-Z7-Master.xdc' instead.
Scanning sources...
Finished scanning sources
INFO: [filemgmt 56-1] IP Repository Path: Directory not found as '/ectf/ectf/pl/repo'; using path '/ectf/pl/repo' instead.
INFO: [filemgmt 56-1] IP Output Repository Path: Directory not found as '/ectf/ectf/pl/repo/cache'; using path '/ectf/pl/repo/cache' instead.
INFO: [IP_Flow 19-234] Refreshing IP repositories
INFO: [IP_Flow 19-1700] Loaded user IP repository '/ectf/pl/repo'.
INFO: [IP_Flow 19-2313] Loaded Vivado IP repository '/opt/Xilinx/Vivado/2017.4/data/ip'.
ERROR: [BD 41-1333] Can not open BD file ./src/bd/system/system.bd, as it is not part of this project. Please use 'add_files' to add this BD-file to current project, before opening.
ERROR: [Common 17-39] 'open_bd_design' failed due to earlier errors.

    while executing
"open_bd_design $project_bd"
    invoked from within
"if { $::argc > 0 } {
  for {set i 0} {$i < [llength $::argc]} {incr i} {
    set option [string trim [lindex $::argv $i]]
    switch -regexp -- $optio..."
    (file "..//pl/proj/gen_bitstream.tcl" line 19)
INFO: [Common 17-206] Exiting Vivado at Wed Feb 19 22:55:01 2020...
