#-----------------------------------------------------------
# Vivado v2017.4 (64-bit)
# SW Build 2086221 on Fri Dec 15 20:54:30 MST 2017
# IP Build 2085800 on Fri Dec 15 22:25:07 MST 2017
# Start of session at: Wed Feb  5 15:47:43 2020
# Process ID: 32067
# Current directory: /ectf_master/pl
# Command line: vivado -mode batch -source ..//pl/proj/create_project.tcl -tclargs --project_name test
# Log file: /ectf_master/pl/vivado.log
# Journal file: /ectf_master/pl/vivado.jou
#-----------------------------------------------------------
source ..//pl/proj/create_project.tcl
# set origin_dir "."
# if { [info exists ::origin_dir_loc] } {
#   set origin_dir $::origin_dir_loc
# }
# set project_name "test"
# if { [info exists ::user_project_name] } {
#   set project_name $::user_project_name
# }
# variable script_file
# set script_file "create_project.tcl"
# proc help {} {
#   variable script_file
#   puts "\nDescription:"
#   puts "Recreate a Vivado project from this script. The created project will be"
#   puts "functionally equivalent to the original project for which this script was"
#   puts "generated. The script contains commands for creating a project, filesets,"
#   puts "runs, adding/importing sources and setting properties on various objects.\n"
#   puts "Syntax:"
#   puts "$script_file"
#   puts "$script_file -tclargs \[--origin_dir <path>\]"
#   puts "$script_file -tclargs \[--project_name <name>\]"
#   puts "$script_file -tclargs \[--help\]\n"
#   puts "Usage:"
#   puts "Name                   Description"
#   puts "-------------------------------------------------------------------------"
#   puts "\[--origin_dir <path>\]  Determine source file paths wrt this path. Default"
#   puts "                       origin_dir path value is \".\", otherwise, the value"
#   puts "                       that was set with the \"-paths_relative_to\" switch"
#   puts "                       when this script was generated.\n"
#   puts "\[--project_name <name>\] Create project with the specified name. Default"
#   puts "                       name is the name of the project from where this"
#   puts "                       script was generated.\n"
#   puts "\[--help\]               Print help information for this script"
#   puts "-------------------------------------------------------------------------\n"
#   exit 0
# }
# if { $::argc > 0 } {
#   for {set i 0} {$i < [llength $::argc]} {incr i} {
#     set option [string trim [lindex $::argv $i]]
#     switch -regexp -- $option {
#       "--origin_dir"   { incr i; set origin_dir [lindex $::argv $i] }
#       "--project_name" { incr i; set project_name [lindex $::argv $i] }
#       "--help"         { help }
#       default {
#         if { [regexp {^-} $option] } {
#           puts "ERROR: Unknown option '$option' specified, please type '$script_file -tclargs --help' for usage info.\n"
#           return 1
#         }
#       }
#     }
#   }
# }
# create_project ${project_name} ./proj/${project_name} -part xc7z007sclg400-1
ERROR: [Common 17-53] User Exception: Project already exists on disk, please use '-force' option to overwrite: 
     /ectf_master/pl/proj/test/test.xpr
     /ectf_master/pl/proj/test/test.runs
     /ectf_master/pl/proj/test/test.srcs
     /ectf_master/pl/proj/test/test.sim
     /ectf_master/pl/proj/test/test.cache
     /ectf_master/pl/proj/test/test.hw
     /ectf_master/pl/proj/test/test.sdk
     /ectf_master/pl/proj/test/test.ip_user_files
INFO: [Common 17-206] Exiting Vivado at Wed Feb  5 15:47:53 2020...
