
*** Running vivado
    with args -log system_auto_pc_7.vds -m64 -product Vivado -mode batch -messageDb vivado.pb -notrace -source system_auto_pc_7.tcl


****** Vivado v2017.4 (64-bit)
  **** SW Build 2086221 on Fri Dec 15 20:54:30 MST 2017
  **** IP Build 2085800 on Fri Dec 15 22:25:07 MST 2017
    ** Copyright 1986-2017 Xilinx, Inc. All Rights Reserved.

source system_auto_pc_7.tcl -notrace
Command: synth_design -top system_auto_pc_7 -part xc7z007sclg400-1 -mode out_of_context
Starting synth_design
Attempting to get a license for feature 'Synthesis' and/or device 'xc7z007s'
INFO: [Common 17-349] Got license for feature 'Synthesis' and/or device 'xc7z007s'
INFO: Launching helper process for spawning children vivado processes
INFO: Helper process launched with PID 73839 
---------------------------------------------------------------------------------
Starting RTL Elaboration : Time (s): cpu = 00:00:11 ; elapsed = 00:00:18 . Memory (MB): peak = 1231.109 ; gain = 86.000 ; free physical = 183 ; free virtual = 6261
---------------------------------------------------------------------------------
INFO: [Synth 8-638] synthesizing module 'system_auto_pc_7' [/ectf/pl/src/bd/system/ip/system_auto_pc_7/synth/system_auto_pc_7.v:58]
INFO: [Synth 8-638] synthesizing module 'axi_protocol_converter_v2_1_15_axi_protocol_converter' [/ectf/pl/src/bd/system/ipshared/ff69/hdl/axi_protocol_converter_v2_1_vl_rfs.v:4811]
	Parameter C_FAMILY bound to: zynq - type: string 
	Parameter C_M_AXI_PROTOCOL bound to: 0 - type: integer 
	Parameter C_S_AXI_PROTOCOL bound to: 2 - type: integer 
	Parameter C_IGNORE_ID bound to: 1 - type: integer 
	Parameter C_AXI_ID_WIDTH bound to: 1 - type: integer 
	Parameter C_AXI_ADDR_WIDTH bound to: 32 - type: integer 
	Parameter C_AXI_DATA_WIDTH bound to: 32 - type: integer 
	Parameter C_AXI_SUPPORTS_WRITE bound to: 0 - type: integer 
	Parameter C_AXI_SUPPORTS_READ bound to: 1 - type: integer 
	Parameter C_AXI_SUPPORTS_USER_SIGNALS bound to: 0 - type: integer 
	Parameter C_AXI_AWUSER_WIDTH bound to: 1 - type: integer 
	Parameter C_AXI_ARUSER_WIDTH bound to: 1 - type: integer 
	Parameter C_AXI_WUSER_WIDTH bound to: 1 - type: integer 
	Parameter C_AXI_RUSER_WIDTH bound to: 1 - type: integer 
	Parameter C_AXI_BUSER_WIDTH bound to: 1 - type: integer 
	Parameter C_TRANSLATION_MODE bound to: 2 - type: integer 
	Parameter P_AXI4 bound to: 0 - type: integer 
	Parameter P_AXI3 bound to: 1 - type: integer 
	Parameter P_AXILITE bound to: 2 - type: integer 
	Parameter P_AXILITE_SIZE bound to: 3'b010 
	Parameter P_INCR bound to: 2'b01 
	Parameter P_DECERR bound to: 2'b11 
	Parameter P_SLVERR bound to: 2'b10 
	Parameter P_PROTECTION bound to: 1 - type: integer 
	Parameter P_CONVERSION bound to: 2 - type: integer 
INFO: [Synth 8-256] done synthesizing module 'axi_protocol_converter_v2_1_15_axi_protocol_converter' (1#1) [/ectf/pl/src/bd/system/ipshared/ff69/hdl/axi_protocol_converter_v2_1_vl_rfs.v:4811]
INFO: [Synth 8-256] done synthesizing module 'system_auto_pc_7' (2#1) [/ectf/pl/src/bd/system/ip/system_auto_pc_7/synth/system_auto_pc_7.v:58]
WARNING: [Synth 8-3331] design axi_protocol_converter_v2_1_15_axi_protocol_converter has unconnected port aclk
WARNING: [Synth 8-3331] design axi_protocol_converter_v2_1_15_axi_protocol_converter has unconnected port aresetn
WARNING: [Synth 8-3331] design axi_protocol_converter_v2_1_15_axi_protocol_converter has unconnected port s_axi_awid[0]
WARNING: [Synth 8-3331] design axi_protocol_converter_v2_1_15_axi_protocol_converter has unconnected port s_axi_awlen[7]
WARNING: [Synth 8-3331] design axi_protocol_converter_v2_1_15_axi_protocol_converter has unconnected port s_axi_awlen[6]
WARNING: [Synth 8-3331] design axi_protocol_converter_v2_1_15_axi_protocol_converter has unconnected port s_axi_awlen[5]
WARNING: [Synth 8-3331] design axi_protocol_converter_v2_1_15_axi_protocol_converter has unconnected port s_axi_awlen[4]
WARNING: [Synth 8-3331] design axi_protocol_converter_v2_1_15_axi_protocol_converter has unconnected port s_axi_awlen[3]
WARNING: [Synth 8-3331] design axi_protocol_converter_v2_1_15_axi_protocol_converter has unconnected port s_axi_awlen[2]
WARNING: [Synth 8-3331] design axi_protocol_converter_v2_1_15_axi_protocol_converter has unconnected port s_axi_awlen[1]
WARNING: [Synth 8-3331] design axi_protocol_converter_v2_1_15_axi_protocol_converter has unconnected port s_axi_awlen[0]
WARNING: [Synth 8-3331] design axi_protocol_converter_v2_1_15_axi_protocol_converter has unconnected port s_axi_awsize[2]
WARNING: [Synth 8-3331] design axi_protocol_converter_v2_1_15_axi_protocol_converter has unconnected port s_axi_awsize[1]
WARNING: [Synth 8-3331] design axi_protocol_converter_v2_1_15_axi_protocol_converter has unconnected port s_axi_awsize[0]
WARNING: [Synth 8-3331] design axi_protocol_converter_v2_1_15_axi_protocol_converter has unconnected port s_axi_awburst[1]
WARNING: [Synth 8-3331] design axi_protocol_converter_v2_1_15_axi_protocol_converter has unconnected port s_axi_awburst[0]
WARNING: [Synth 8-3331] design axi_protocol_converter_v2_1_15_axi_protocol_converter has unconnected port s_axi_awlock[0]
WARNING: [Synth 8-3331] design axi_protocol_converter_v2_1_15_axi_protocol_converter has unconnected port s_axi_awcache[3]
WARNING: [Synth 8-3331] design axi_protocol_converter_v2_1_15_axi_protocol_converter has unconnected port s_axi_awcache[2]
WARNING: [Synth 8-3331] design axi_protocol_converter_v2_1_15_axi_protocol_converter has unconnected port s_axi_awcache[1]
WARNING: [Synth 8-3331] design axi_protocol_converter_v2_1_15_axi_protocol_converter has unconnected port s_axi_awcache[0]
WARNING: [Synth 8-3331] design axi_protocol_converter_v2_1_15_axi_protocol_converter has unconnected port s_axi_awregion[3]
WARNING: [Synth 8-3331] design axi_protocol_converter_v2_1_15_axi_protocol_converter has unconnected port s_axi_awregion[2]
WARNING: [Synth 8-3331] design axi_protocol_converter_v2_1_15_axi_protocol_converter has unconnected port s_axi_awregion[1]
WARNING: [Synth 8-3331] design axi_protocol_converter_v2_1_15_axi_protocol_converter has unconnected port s_axi_awregion[0]
WARNING: [Synth 8-3331] design axi_protocol_converter_v2_1_15_axi_protocol_converter has unconnected port s_axi_awqos[3]
WARNING: [Synth 8-3331] design axi_protocol_converter_v2_1_15_axi_protocol_converter has unconnected port s_axi_awqos[2]
WARNING: [Synth 8-3331] design axi_protocol_converter_v2_1_15_axi_protocol_converter has unconnected port s_axi_awqos[1]
WARNING: [Synth 8-3331] design axi_protocol_converter_v2_1_15_axi_protocol_converter has unconnected port s_axi_awqos[0]
WARNING: [Synth 8-3331] design axi_protocol_converter_v2_1_15_axi_protocol_converter has unconnected port s_axi_awuser[0]
WARNING: [Synth 8-3331] design axi_protocol_converter_v2_1_15_axi_protocol_converter has unconnected port s_axi_wid[0]
WARNING: [Synth 8-3331] design axi_protocol_converter_v2_1_15_axi_protocol_converter has unconnected port s_axi_wlast
WARNING: [Synth 8-3331] design axi_protocol_converter_v2_1_15_axi_protocol_converter has unconnected port s_axi_wuser[0]
WARNING: [Synth 8-3331] design axi_protocol_converter_v2_1_15_axi_protocol_converter has unconnected port s_axi_arid[0]
WARNING: [Synth 8-3331] design axi_protocol_converter_v2_1_15_axi_protocol_converter has unconnected port s_axi_arlen[7]
WARNING: [Synth 8-3331] design axi_protocol_converter_v2_1_15_axi_protocol_converter has unconnected port s_axi_arlen[6]
WARNING: [Synth 8-3331] design axi_protocol_converter_v2_1_15_axi_protocol_converter has unconnected port s_axi_arlen[5]
WARNING: [Synth 8-3331] design axi_protocol_converter_v2_1_15_axi_protocol_converter has unconnected port s_axi_arlen[4]
WARNING: [Synth 8-3331] design axi_protocol_converter_v2_1_15_axi_protocol_converter has unconnected port s_axi_arlen[3]
WARNING: [Synth 8-3331] design axi_protocol_converter_v2_1_15_axi_protocol_converter has unconnected port s_axi_arlen[2]
WARNING: [Synth 8-3331] design axi_protocol_converter_v2_1_15_axi_protocol_converter has unconnected port s_axi_arlen[1]
WARNING: [Synth 8-3331] design axi_protocol_converter_v2_1_15_axi_protocol_converter has unconnected port s_axi_arlen[0]
WARNING: [Synth 8-3331] design axi_protocol_converter_v2_1_15_axi_protocol_converter has unconnected port s_axi_arsize[2]
WARNING: [Synth 8-3331] design axi_protocol_converter_v2_1_15_axi_protocol_converter has unconnected port s_axi_arsize[1]
WARNING: [Synth 8-3331] design axi_protocol_converter_v2_1_15_axi_protocol_converter has unconnected port s_axi_arsize[0]
WARNING: [Synth 8-3331] design axi_protocol_converter_v2_1_15_axi_protocol_converter has unconnected port s_axi_arburst[1]
WARNING: [Synth 8-3331] design axi_protocol_converter_v2_1_15_axi_protocol_converter has unconnected port s_axi_arburst[0]
WARNING: [Synth 8-3331] design axi_protocol_converter_v2_1_15_axi_protocol_converter has unconnected port s_axi_arlock[0]
WARNING: [Synth 8-3331] design axi_protocol_converter_v2_1_15_axi_protocol_converter has unconnected port s_axi_arcache[3]
WARNING: [Synth 8-3331] design axi_protocol_converter_v2_1_15_axi_protocol_converter has unconnected port s_axi_arcache[2]
WARNING: [Synth 8-3331] design axi_protocol_converter_v2_1_15_axi_protocol_converter has unconnected port s_axi_arcache[1]
WARNING: [Synth 8-3331] design axi_protocol_converter_v2_1_15_axi_protocol_converter has unconnected port s_axi_arcache[0]
WARNING: [Synth 8-3331] design axi_protocol_converter_v2_1_15_axi_protocol_converter has unconnected port s_axi_arregion[3]
WARNING: [Synth 8-3331] design axi_protocol_converter_v2_1_15_axi_protocol_converter has unconnected port s_axi_arregion[2]
WARNING: [Synth 8-3331] design axi_protocol_converter_v2_1_15_axi_protocol_converter has unconnected port s_axi_arregion[1]
WARNING: [Synth 8-3331] design axi_protocol_converter_v2_1_15_axi_protocol_converter has unconnected port s_axi_arregion[0]
WARNING: [Synth 8-3331] design axi_protocol_converter_v2_1_15_axi_protocol_converter has unconnected port s_axi_arqos[3]
WARNING: [Synth 8-3331] design axi_protocol_converter_v2_1_15_axi_protocol_converter has unconnected port s_axi_arqos[2]
WARNING: [Synth 8-3331] design axi_protocol_converter_v2_1_15_axi_protocol_converter has unconnected port s_axi_arqos[1]
WARNING: [Synth 8-3331] design axi_protocol_converter_v2_1_15_axi_protocol_converter has unconnected port s_axi_arqos[0]
WARNING: [Synth 8-3331] design axi_protocol_converter_v2_1_15_axi_protocol_converter has unconnected port s_axi_aruser[0]
WARNING: [Synth 8-3331] design axi_protocol_converter_v2_1_15_axi_protocol_converter has unconnected port m_axi_bid[0]
WARNING: [Synth 8-3331] design axi_protocol_converter_v2_1_15_axi_protocol_converter has unconnected port m_axi_buser[0]
WARNING: [Synth 8-3331] design axi_protocol_converter_v2_1_15_axi_protocol_converter has unconnected port m_axi_rid[0]
WARNING: [Synth 8-3331] design axi_protocol_converter_v2_1_15_axi_protocol_converter has unconnected port m_axi_rlast
WARNING: [Synth 8-3331] design axi_protocol_converter_v2_1_15_axi_protocol_converter has unconnected port m_axi_ruser[0]
---------------------------------------------------------------------------------
Finished RTL Elaboration : Time (s): cpu = 00:00:36 ; elapsed = 00:00:49 . Memory (MB): peak = 1353.641 ; gain = 208.531 ; free physical = 782 ; free virtual = 3714
---------------------------------------------------------------------------------

Report Check Netlist: 
+------+------------------+-------+---------+-------+------------------+
|      |Item              |Errors |Warnings |Status |Description       |
+------+------------------+-------+---------+-------+------------------+
|1     |multi_driven_nets |      0|        0|Passed |Multi driven nets |
+------+------------------+-------+---------+-------+------------------+
---------------------------------------------------------------------------------
Finished RTL Optimization Phase 1 : Time (s): cpu = 00:00:36 ; elapsed = 00:00:49 . Memory (MB): peak = 1353.641 ; gain = 208.531 ; free physical = 845 ; free virtual = 3788
---------------------------------------------------------------------------------
INFO: [Device 21-403] Loading part xc7z007sclg400-1
INFO: [Project 1-570] Preparing netlist for logic optimization

Processing XDC Constraints
Initializing timing engine
Parsing XDC File [/ectf/pl/src/bd/system/ip/system_auto_pc_7/system_auto_pc_7_ooc.xdc] for cell 'inst'
Finished Parsing XDC File [/ectf/pl/src/bd/system/ip/system_auto_pc_7/system_auto_pc_7_ooc.xdc] for cell 'inst'
Parsing XDC File [/ectf/pl/proj/test/test.runs/system_auto_pc_7_synth_1/dont_touch.xdc]
Finished Parsing XDC File [/ectf/pl/proj/test/test.runs/system_auto_pc_7_synth_1/dont_touch.xdc]
Completed Processing XDC Constraints

INFO: [Project 1-111] Unisim Transformation Summary:
No Unisim elements were transformed.

Constraint Validation Runtime : Time (s): cpu = 00:00:00.01 ; elapsed = 00:00:00 . Memory (MB): peak = 1535.680 ; gain = 0.000 ; free physical = 4354 ; free virtual = 7516
---------------------------------------------------------------------------------
Finished Constraint Validation : Time (s): cpu = 00:00:48 ; elapsed = 00:01:10 . Memory (MB): peak = 1535.680 ; gain = 390.570 ; free physical = 6733 ; free virtual = 9795
---------------------------------------------------------------------------------
---------------------------------------------------------------------------------
Start Loading Part and Timing Information
---------------------------------------------------------------------------------
Loading part: xc7z007sclg400-1
---------------------------------------------------------------------------------
Finished Loading Part and Timing Information : Time (s): cpu = 00:00:48 ; elapsed = 00:01:10 . Memory (MB): peak = 1535.680 ; gain = 390.570 ; free physical = 6732 ; free virtual = 9795
---------------------------------------------------------------------------------
---------------------------------------------------------------------------------
Start Applying 'set_property' XDC Constraints
---------------------------------------------------------------------------------
Applied set_property DONT_TOUCH = true for inst. (constraint file  /ectf/pl/proj/test/test.runs/system_auto_pc_7_synth_1/dont_touch.xdc, line 9).
---------------------------------------------------------------------------------
Finished applying 'set_property' XDC Constraints : Time (s): cpu = 00:00:48 ; elapsed = 00:01:10 . Memory (MB): peak = 1535.680 ; gain = 390.570 ; free physical = 6734 ; free virtual = 9796
---------------------------------------------------------------------------------
---------------------------------------------------------------------------------
Finished RTL Optimization Phase 2 : Time (s): cpu = 00:00:48 ; elapsed = 00:01:10 . Memory (MB): peak = 1535.680 ; gain = 390.570 ; free physical = 6733 ; free virtual = 9795
---------------------------------------------------------------------------------

Report RTL Partitions: 
+-+--------------+------------+----------+
| |RTL Partition |Replication |Instances |
+-+--------------+------------+----------+
+-+--------------+------------+----------+
---------------------------------------------------------------------------------
Start RTL Component Statistics 
---------------------------------------------------------------------------------
Detailed RTL Component Info : 
---------------------------------------------------------------------------------
Finished RTL Component Statistics 
---------------------------------------------------------------------------------
---------------------------------------------------------------------------------
Start RTL Hierarchical Component Statistics 
---------------------------------------------------------------------------------
Hierarchical RTL Component report 
---------------------------------------------------------------------------------
Finished RTL Hierarchical Component Statistics
---------------------------------------------------------------------------------
---------------------------------------------------------------------------------
Start Part Resource Summary
---------------------------------------------------------------------------------
Part Resources:
DSPs: 66 (col length:40)
BRAMs: 100 (col length: RAMB18 40 RAMB36 20)
---------------------------------------------------------------------------------
Finished Part Resource Summary
---------------------------------------------------------------------------------
---------------------------------------------------------------------------------
Start Cross Boundary and Area Optimization
---------------------------------------------------------------------------------
WARNING: [Synth 8-3331] design axi_protocol_converter_v2_1_15_axi_protocol_converter has unconnected port aclk
WARNING: [Synth 8-3331] design axi_protocol_converter_v2_1_15_axi_protocol_converter has unconnected port aresetn
WARNING: [Synth 8-3331] design axi_protocol_converter_v2_1_15_axi_protocol_converter has unconnected port s_axi_awid[0]
WARNING: [Synth 8-3331] design axi_protocol_converter_v2_1_15_axi_protocol_converter has unconnected port s_axi_awlen[7]
WARNING: [Synth 8-3331] design axi_protocol_converter_v2_1_15_axi_protocol_converter has unconnected port s_axi_awlen[6]
WARNING: [Synth 8-3331] design axi_protocol_converter_v2_1_15_axi_protocol_converter has unconnected port s_axi_awlen[5]
WARNING: [Synth 8-3331] design axi_protocol_converter_v2_1_15_axi_protocol_converter has unconnected port s_axi_awlen[4]
WARNING: [Synth 8-3331] design axi_protocol_converter_v2_1_15_axi_protocol_converter has unconnected port s_axi_awlen[3]
WARNING: [Synth 8-3331] design axi_protocol_converter_v2_1_15_axi_protocol_converter has unconnected port s_axi_awlen[2]
WARNING: [Synth 8-3331] design axi_protocol_converter_v2_1_15_axi_protocol_converter has unconnected port s_axi_awlen[1]
WARNING: [Synth 8-3331] design axi_protocol_converter_v2_1_15_axi_protocol_converter has unconnected port s_axi_awlen[0]
WARNING: [Synth 8-3331] design axi_protocol_converter_v2_1_15_axi_protocol_converter has unconnected port s_axi_awsize[2]
WARNING: [Synth 8-3331] design axi_protocol_converter_v2_1_15_axi_protocol_converter has unconnected port s_axi_awsize[1]
WARNING: [Synth 8-3331] design axi_protocol_converter_v2_1_15_axi_protocol_converter has unconnected port s_axi_awsize[0]
WARNING: [Synth 8-3331] design axi_protocol_converter_v2_1_15_axi_protocol_converter has unconnected port s_axi_awburst[1]
WARNING: [Synth 8-3331] design axi_protocol_converter_v2_1_15_axi_protocol_converter has unconnected port s_axi_awburst[0]
WARNING: [Synth 8-3331] design axi_protocol_converter_v2_1_15_axi_protocol_converter has unconnected port s_axi_awlock[0]
WARNING: [Synth 8-3331] design axi_protocol_converter_v2_1_15_axi_protocol_converter has unconnected port s_axi_awcache[3]
WARNING: [Synth 8-3331] design axi_protocol_converter_v2_1_15_axi_protocol_converter has unconnected port s_axi_awcache[2]
WARNING: [Synth 8-3331] design axi_protocol_converter_v2_1_15_axi_protocol_converter has unconnected port s_axi_awcache[1]
WARNING: [Synth 8-3331] design axi_protocol_converter_v2_1_15_axi_protocol_converter has unconnected port s_axi_awcache[0]
WARNING: [Synth 8-3331] design axi_protocol_converter_v2_1_15_axi_protocol_converter has unconnected port s_axi_awregion[3]
WARNING: [Synth 8-3331] design axi_protocol_converter_v2_1_15_axi_protocol_converter has unconnected port s_axi_awregion[2]
WARNING: [Synth 8-3331] design axi_protocol_converter_v2_1_15_axi_protocol_converter has unconnected port s_axi_awregion[1]
WARNING: [Synth 8-3331] design axi_protocol_converter_v2_1_15_axi_protocol_converter has unconnected port s_axi_awregion[0]
WARNING: [Synth 8-3331] design axi_protocol_converter_v2_1_15_axi_protocol_converter has unconnected port s_axi_awqos[3]
WARNING: [Synth 8-3331] design axi_protocol_converter_v2_1_15_axi_protocol_converter has unconnected port s_axi_awqos[2]
WARNING: [Synth 8-3331] design axi_protocol_converter_v2_1_15_axi_protocol_converter has unconnected port s_axi_awqos[1]
WARNING: [Synth 8-3331] design axi_protocol_converter_v2_1_15_axi_protocol_converter has unconnected port s_axi_awqos[0]
WARNING: [Synth 8-3331] design axi_protocol_converter_v2_1_15_axi_protocol_converter has unconnected port s_axi_awuser[0]
WARNING: [Synth 8-3331] design axi_protocol_converter_v2_1_15_axi_protocol_converter has unconnected port s_axi_wid[0]
WARNING: [Synth 8-3331] design axi_protocol_converter_v2_1_15_axi_protocol_converter has unconnected port s_axi_wlast
WARNING: [Synth 8-3331] design axi_protocol_converter_v2_1_15_axi_protocol_converter has unconnected port s_axi_wuser[0]
WARNING: [Synth 8-3331] design axi_protocol_converter_v2_1_15_axi_protocol_converter has unconnected port s_axi_arid[0]
INFO: [Common 17-14] Message 'Synth 8-3331' appears 100 times and further instances of the messages will be disabled. Use the Tcl command set_msg_config to change the current settings.
---------------------------------------------------------------------------------
Finished Cross Boundary and Area Optimization : Time (s): cpu = 00:00:48 ; elapsed = 00:01:10 . Memory (MB): peak = 1535.680 ; gain = 390.570 ; free physical = 6713 ; free virtual = 9775
---------------------------------------------------------------------------------

Report RTL Partitions: 
+-+--------------+------------+----------+
| |RTL Partition |Replication |Instances |
+-+--------------+------------+----------+
+-+--------------+------------+----------+
---------------------------------------------------------------------------------
Start Applying XDC Timing Constraints
---------------------------------------------------------------------------------
---------------------------------------------------------------------------------
Finished Applying XDC Timing Constraints : Time (s): cpu = 00:00:53 ; elapsed = 00:01:16 . Memory (MB): peak = 1545.664 ; gain = 400.555 ; free physical = 5949 ; free virtual = 9011
---------------------------------------------------------------------------------
---------------------------------------------------------------------------------
Start Timing Optimization
---------------------------------------------------------------------------------
---------------------------------------------------------------------------------
Finished Timing Optimization : Time (s): cpu = 00:00:53 ; elapsed = 00:01:16 . Memory (MB): peak = 1545.664 ; gain = 400.555 ; free physical = 5948 ; free virtual = 9010
---------------------------------------------------------------------------------

Report RTL Partitions: 
+-+--------------+------------+----------+
| |RTL Partition |Replication |Instances |
+-+--------------+------------+----------+
+-+--------------+------------+----------+
---------------------------------------------------------------------------------
Start Technology Mapping
---------------------------------------------------------------------------------
---------------------------------------------------------------------------------
Finished Technology Mapping : Time (s): cpu = 00:00:53 ; elapsed = 00:01:16 . Memory (MB): peak = 1555.680 ; gain = 410.570 ; free physical = 5942 ; free virtual = 9004
---------------------------------------------------------------------------------

Report RTL Partitions: 
+-+--------------+------------+----------+
| |RTL Partition |Replication |Instances |
+-+--------------+------------+----------+
+-+--------------+------------+----------+
---------------------------------------------------------------------------------
Start IO Insertion
---------------------------------------------------------------------------------
---------------------------------------------------------------------------------
Start Flattening Before IO Insertion
---------------------------------------------------------------------------------
---------------------------------------------------------------------------------
Finished Flattening Before IO Insertion
---------------------------------------------------------------------------------
---------------------------------------------------------------------------------
Start Final Netlist Cleanup
---------------------------------------------------------------------------------
---------------------------------------------------------------------------------
Finished Final Netlist Cleanup
---------------------------------------------------------------------------------
---------------------------------------------------------------------------------
Finished IO Insertion : Time (s): cpu = 00:00:53 ; elapsed = 00:01:17 . Memory (MB): peak = 1555.680 ; gain = 410.570 ; free physical = 5881 ; free virtual = 8951
---------------------------------------------------------------------------------

Report Check Netlist: 
+------+------------------+-------+---------+-------+------------------+
|      |Item              |Errors |Warnings |Status |Description       |
+------+------------------+-------+---------+-------+------------------+
|1     |multi_driven_nets |      0|        0|Passed |Multi driven nets |
+------+------------------+-------+---------+-------+------------------+
---------------------------------------------------------------------------------
Start Renaming Generated Instances
---------------------------------------------------------------------------------
---------------------------------------------------------------------------------
Finished Renaming Generated Instances : Time (s): cpu = 00:00:53 ; elapsed = 00:01:17 . Memory (MB): peak = 1555.680 ; gain = 410.570 ; free physical = 5881 ; free virtual = 8951
---------------------------------------------------------------------------------

Report RTL Partitions: 
+-+--------------+------------+----------+
| |RTL Partition |Replication |Instances |
+-+--------------+------------+----------+
+-+--------------+------------+----------+
---------------------------------------------------------------------------------
Start Rebuilding User Hierarchy
---------------------------------------------------------------------------------
---------------------------------------------------------------------------------
Finished Rebuilding User Hierarchy : Time (s): cpu = 00:00:53 ; elapsed = 00:01:17 . Memory (MB): peak = 1555.680 ; gain = 410.570 ; free physical = 5881 ; free virtual = 8953
---------------------------------------------------------------------------------
---------------------------------------------------------------------------------
Start Renaming Generated Ports
---------------------------------------------------------------------------------
---------------------------------------------------------------------------------
Finished Renaming Generated Ports : Time (s): cpu = 00:00:53 ; elapsed = 00:01:17 . Memory (MB): peak = 1555.680 ; gain = 410.570 ; free physical = 5883 ; free virtual = 8954
---------------------------------------------------------------------------------
---------------------------------------------------------------------------------
Start Handling Custom Attributes
---------------------------------------------------------------------------------
---------------------------------------------------------------------------------
Finished Handling Custom Attributes : Time (s): cpu = 00:00:53 ; elapsed = 00:01:17 . Memory (MB): peak = 1555.680 ; gain = 410.570 ; free physical = 5890 ; free virtual = 8961
---------------------------------------------------------------------------------
---------------------------------------------------------------------------------
Start Renaming Generated Nets
---------------------------------------------------------------------------------
---------------------------------------------------------------------------------
Finished Renaming Generated Nets : Time (s): cpu = 00:00:53 ; elapsed = 00:01:17 . Memory (MB): peak = 1555.680 ; gain = 410.570 ; free physical = 5899 ; free virtual = 8970
---------------------------------------------------------------------------------
---------------------------------------------------------------------------------
Start Writing Synthesis Report
---------------------------------------------------------------------------------

Report BlackBoxes: 
+-+--------------+----------+
| |BlackBox name |Instances |
+-+--------------+----------+
+-+--------------+----------+

Report Cell Usage: 
+-+-----+------+
| |Cell |Count |
+-+-----+------+
+-+-----+------+

Report Instance Areas: 
+------+---------+------------------------------------------------------+------+
|      |Instance |Module                                                |Cells |
+------+---------+------------------------------------------------------+------+
|1     |top      |                                                      |     0|
|2     |  inst   |axi_protocol_converter_v2_1_15_axi_protocol_converter |     0|
+------+---------+------------------------------------------------------+------+
---------------------------------------------------------------------------------
Finished Writing Synthesis Report : Time (s): cpu = 00:00:53 ; elapsed = 00:01:17 . Memory (MB): peak = 1555.680 ; gain = 410.570 ; free physical = 5912 ; free virtual = 8983
---------------------------------------------------------------------------------
Synthesis finished with 0 errors, 0 critical warnings and 66 warnings.
Synthesis Optimization Runtime : Time (s): cpu = 00:00:47 ; elapsed = 00:01:02 . Memory (MB): peak = 1555.680 ; gain = 228.531 ; free physical = 5993 ; free virtual = 9066
Synthesis Optimization Complete : Time (s): cpu = 00:00:53 ; elapsed = 00:01:17 . Memory (MB): peak = 1555.688 ; gain = 410.570 ; free physical = 5989 ; free virtual = 9062
INFO: [Project 1-571] Translating synthesized netlist
INFO: [Project 1-570] Preparing netlist for logic optimization
INFO: [Opt 31-138] Pushed 0 inverter(s) to 0 load pin(s).
INFO: [Project 1-111] Unisim Transformation Summary:
No Unisim elements were transformed.

INFO: [Common 17-83] Releasing license: Synthesis
14 Infos, 100 Warnings, 0 Critical Warnings and 0 Errors encountered.
synth_design completed successfully
synth_design: Time (s): cpu = 00:00:55 ; elapsed = 00:01:18 . Memory (MB): peak = 1565.680 ; gain = 433.941 ; free physical = 6001 ; free virtual = 9074
INFO: [Common 17-1381] The checkpoint '/ectf/pl/proj/test/test.runs/system_auto_pc_7_synth_1/system_auto_pc_7.dcp' has been generated.
