
*** Running vivado
    with args -log system_axis_subset_converter_0_0.vds -m64 -product Vivado -mode batch -messageDb vivado.pb -notrace -source system_axis_subset_converter_0_0.tcl


****** Vivado v2017.4 (64-bit)
  **** SW Build 2086221 on Fri Dec 15 20:54:30 MST 2017
  **** IP Build 2085800 on Fri Dec 15 22:25:07 MST 2017
    ** Copyright 1986-2017 Xilinx, Inc. All Rights Reserved.

source system_axis_subset_converter_0_0.tcl -notrace
Command: synth_design -top system_axis_subset_converter_0_0 -part xc7z007sclg400-1 -mode out_of_context
Starting synth_design
Attempting to get a license for feature 'Synthesis' and/or device 'xc7z007s'
INFO: [Common 17-349] Got license for feature 'Synthesis' and/or device 'xc7z007s'
INFO: Launching helper process for spawning children vivado processes
INFO: Helper process launched with PID 13477 
---------------------------------------------------------------------------------
Starting RTL Elaboration : Time (s): cpu = 00:00:05 ; elapsed = 00:00:05 . Memory (MB): peak = 1230.121 ; gain = 85.000 ; free physical = 7239 ; free virtual = 11607
---------------------------------------------------------------------------------
INFO: [Synth 8-638] synthesizing module 'system_axis_subset_converter_0_0' [/ectf/pl/src/bd/system/ip/system_axis_subset_converter_0_0/synth/system_axis_subset_converter_0_0.v:58]
INFO: [Synth 8-638] synthesizing module 'top_system_axis_subset_converter_0_0' [/ectf/pl/src/bd/system/ip/system_axis_subset_converter_0_0/hdl/top_system_axis_subset_converter_0_0.v:60]
	Parameter C_FAMILY bound to: zynq - type: string 
	Parameter C_S_AXIS_TDATA_WIDTH bound to: 40 - type: integer 
	Parameter C_S_AXIS_TID_WIDTH bound to: 1 - type: integer 
	Parameter C_S_AXIS_TDEST_WIDTH bound to: 1 - type: integer 
	Parameter C_S_AXIS_TUSER_WIDTH bound to: 1 - type: integer 
	Parameter C_S_AXIS_SIGNAL_SET bound to: 32'b00000000000000000000000000000011 
	Parameter C_M_AXIS_TDATA_WIDTH bound to: 16 - type: integer 
	Parameter C_M_AXIS_TID_WIDTH bound to: 1 - type: integer 
	Parameter C_M_AXIS_TDEST_WIDTH bound to: 1 - type: integer 
	Parameter C_M_AXIS_SIGNAL_SET bound to: 32'b00000000000000000000000000000011 
	Parameter C_M_AXIS_TUSER_WIDTH bound to: 1 - type: integer 
	Parameter C_DEFAULT_TLAST bound to: 0 - type: integer 
	Parameter G_INDX_SS_TREADY bound to: 0 - type: integer 
	Parameter G_INDX_SS_TDATA bound to: 1 - type: integer 
	Parameter G_INDX_SS_TSTRB bound to: 2 - type: integer 
	Parameter G_INDX_SS_TKEEP bound to: 3 - type: integer 
	Parameter G_INDX_SS_TLAST bound to: 4 - type: integer 
	Parameter G_INDX_SS_TID bound to: 5 - type: integer 
	Parameter G_INDX_SS_TDEST bound to: 6 - type: integer 
	Parameter G_INDX_SS_TUSER bound to: 7 - type: integer 
	Parameter G_MASK_SS_TREADY bound to: 1 - type: integer 
	Parameter G_MASK_SS_TDATA bound to: 2 - type: integer 
	Parameter G_MASK_SS_TSTRB bound to: 4 - type: integer 
	Parameter G_MASK_SS_TKEEP bound to: 8 - type: integer 
	Parameter G_MASK_SS_TLAST bound to: 16 - type: integer 
	Parameter G_MASK_SS_TID bound to: 32 - type: integer 
	Parameter G_MASK_SS_TDEST bound to: 64 - type: integer 
	Parameter G_MASK_SS_TUSER bound to: 128 - type: integer 
	Parameter G_TASK_SEVERITY_ERR bound to: 2 - type: integer 
	Parameter G_TASK_SEVERITY_WARNING bound to: 1 - type: integer 
	Parameter G_TASK_SEVERITY_INFO bound to: 0 - type: integer 
INFO: [Synth 8-638] synthesizing module 'axis_subset_converter_v1_1_15_core' [/ectf/pl/src/bd/system/ipshared/6ad2/hdl/axis_subset_converter_v1_1_vl_rfs.v:62]
	Parameter C_FAMILY bound to: zynq - type: string 
	Parameter C_AXIS_TDATA_WIDTH bound to: 40 - type: integer 
	Parameter C_S_AXIS_TID_WIDTH bound to: 1 - type: integer 
	Parameter C_S_AXIS_TDEST_WIDTH bound to: 1 - type: integer 
	Parameter C_AXIS_TUSER_WIDTH bound to: 1 - type: integer 
	Parameter C_S_AXIS_SIGNAL_SET bound to: 32'b00000000000000000000000000000011 
	Parameter C_M_AXIS_TID_WIDTH bound to: 1 - type: integer 
	Parameter C_M_AXIS_TDEST_WIDTH bound to: 1 - type: integer 
	Parameter C_M_AXIS_SIGNAL_SET bound to: 32'b00000000000000000000000000000011 
	Parameter C_DEFAULT_TLAST bound to: 0 - type: integer 
	Parameter G_INDX_SS_TREADY bound to: 0 - type: integer 
	Parameter G_INDX_SS_TDATA bound to: 1 - type: integer 
	Parameter G_INDX_SS_TSTRB bound to: 2 - type: integer 
	Parameter G_INDX_SS_TKEEP bound to: 3 - type: integer 
	Parameter G_INDX_SS_TLAST bound to: 4 - type: integer 
	Parameter G_INDX_SS_TID bound to: 5 - type: integer 
	Parameter G_INDX_SS_TDEST bound to: 6 - type: integer 
	Parameter G_INDX_SS_TUSER bound to: 7 - type: integer 
	Parameter G_MASK_SS_TREADY bound to: 1 - type: integer 
	Parameter G_MASK_SS_TDATA bound to: 2 - type: integer 
	Parameter G_MASK_SS_TSTRB bound to: 4 - type: integer 
	Parameter G_MASK_SS_TKEEP bound to: 8 - type: integer 
	Parameter G_MASK_SS_TLAST bound to: 16 - type: integer 
	Parameter G_MASK_SS_TID bound to: 32 - type: integer 
	Parameter G_MASK_SS_TDEST bound to: 64 - type: integer 
	Parameter G_MASK_SS_TUSER bound to: 128 - type: integer 
	Parameter G_TASK_SEVERITY_ERR bound to: 2 - type: integer 
	Parameter G_TASK_SEVERITY_WARNING bound to: 1 - type: integer 
	Parameter G_TASK_SEVERITY_INFO bound to: 0 - type: integer 
	Parameter P_SIGNAL_SET_XOR bound to: 32'b00000000000000000000000000000000 
	Parameter P_SIGNAL_SET_ADD bound to: 32'b00000000000000000000000000000000 
	Parameter P_SIGNAL_SET_REM bound to: 32'b00000000000000000000000000000000 
	Parameter P_TLAST_CNTR_WIDTH bound to: 1 - type: integer 
INFO: [Synth 8-256] done synthesizing module 'axis_subset_converter_v1_1_15_core' (1#1) [/ectf/pl/src/bd/system/ipshared/6ad2/hdl/axis_subset_converter_v1_1_vl_rfs.v:62]
INFO: [Synth 8-638] synthesizing module 'tdata_system_axis_subset_converter_0_0' [/ectf/pl/src/bd/system/ip/system_axis_subset_converter_0_0/hdl/tdata_system_axis_subset_converter_0_0.v:48]
	Parameter C_S_AXIS_TDATA_WIDTH bound to: 40 - type: integer 
	Parameter C_S_AXIS_TUSER_WIDTH bound to: 1 - type: integer 
	Parameter C_S_AXIS_TID_WIDTH bound to: 1 - type: integer 
	Parameter C_S_AXIS_TDEST_WIDTH bound to: 1 - type: integer 
	Parameter C_M_AXIS_TDATA_WIDTH bound to: 16 - type: integer 
INFO: [Synth 8-256] done synthesizing module 'tdata_system_axis_subset_converter_0_0' (2#1) [/ectf/pl/src/bd/system/ip/system_axis_subset_converter_0_0/hdl/tdata_system_axis_subset_converter_0_0.v:48]
INFO: [Synth 8-638] synthesizing module 'tuser_system_axis_subset_converter_0_0' [/ectf/pl/src/bd/system/ip/system_axis_subset_converter_0_0/hdl/tuser_system_axis_subset_converter_0_0.v:48]
	Parameter C_S_AXIS_TUSER_WIDTH bound to: 1 - type: integer 
	Parameter C_S_AXIS_TDATA_WIDTH bound to: 40 - type: integer 
	Parameter C_S_AXIS_TID_WIDTH bound to: 1 - type: integer 
	Parameter C_S_AXIS_TDEST_WIDTH bound to: 1 - type: integer 
	Parameter C_M_AXIS_TUSER_WIDTH bound to: 1 - type: integer 
INFO: [Synth 8-256] done synthesizing module 'tuser_system_axis_subset_converter_0_0' (3#1) [/ectf/pl/src/bd/system/ip/system_axis_subset_converter_0_0/hdl/tuser_system_axis_subset_converter_0_0.v:48]
INFO: [Synth 8-638] synthesizing module 'tid_system_axis_subset_converter_0_0' [/ectf/pl/src/bd/system/ip/system_axis_subset_converter_0_0/hdl/tid_system_axis_subset_converter_0_0.v:48]
	Parameter C_S_AXIS_TID_WIDTH bound to: 1 - type: integer 
	Parameter C_S_AXIS_TUSER_WIDTH bound to: 1 - type: integer 
	Parameter C_S_AXIS_TDATA_WIDTH bound to: 40 - type: integer 
	Parameter C_S_AXIS_TDEST_WIDTH bound to: 1 - type: integer 
	Parameter C_M_AXIS_TID_WIDTH bound to: 1 - type: integer 
INFO: [Synth 8-256] done synthesizing module 'tid_system_axis_subset_converter_0_0' (4#1) [/ectf/pl/src/bd/system/ip/system_axis_subset_converter_0_0/hdl/tid_system_axis_subset_converter_0_0.v:48]
INFO: [Synth 8-638] synthesizing module 'tdest_system_axis_subset_converter_0_0' [/ectf/pl/src/bd/system/ip/system_axis_subset_converter_0_0/hdl/tdest_system_axis_subset_converter_0_0.v:48]
	Parameter C_S_AXIS_TDATA_WIDTH bound to: 40 - type: integer 
	Parameter C_S_AXIS_TUSER_WIDTH bound to: 1 - type: integer 
	Parameter C_S_AXIS_TID_WIDTH bound to: 1 - type: integer 
	Parameter C_S_AXIS_TDEST_WIDTH bound to: 1 - type: integer 
	Parameter C_M_AXIS_TDEST_WIDTH bound to: 1 - type: integer 
INFO: [Synth 8-256] done synthesizing module 'tdest_system_axis_subset_converter_0_0' (5#1) [/ectf/pl/src/bd/system/ip/system_axis_subset_converter_0_0/hdl/tdest_system_axis_subset_converter_0_0.v:48]
INFO: [Synth 8-638] synthesizing module 'tstrb_system_axis_subset_converter_0_0' [/ectf/pl/src/bd/system/ip/system_axis_subset_converter_0_0/hdl/tstrb_system_axis_subset_converter_0_0.v:48]
	Parameter C_S_AXIS_TDATA_WIDTH bound to: 40 - type: integer 
	Parameter C_S_AXIS_TUSER_WIDTH bound to: 1 - type: integer 
	Parameter C_S_AXIS_TID_WIDTH bound to: 1 - type: integer 
	Parameter C_S_AXIS_TDEST_WIDTH bound to: 1 - type: integer 
	Parameter C_M_AXIS_TDATA_WIDTH bound to: 16 - type: integer 
INFO: [Synth 8-256] done synthesizing module 'tstrb_system_axis_subset_converter_0_0' (6#1) [/ectf/pl/src/bd/system/ip/system_axis_subset_converter_0_0/hdl/tstrb_system_axis_subset_converter_0_0.v:48]
INFO: [Synth 8-638] synthesizing module 'tkeep_system_axis_subset_converter_0_0' [/ectf/pl/src/bd/system/ip/system_axis_subset_converter_0_0/hdl/tkeep_system_axis_subset_converter_0_0.v:48]
	Parameter C_S_AXIS_TDATA_WIDTH bound to: 40 - type: integer 
	Parameter C_S_AXIS_TUSER_WIDTH bound to: 1 - type: integer 
	Parameter C_S_AXIS_TID_WIDTH bound to: 1 - type: integer 
	Parameter C_S_AXIS_TDEST_WIDTH bound to: 1 - type: integer 
	Parameter C_M_AXIS_TDATA_WIDTH bound to: 16 - type: integer 
INFO: [Synth 8-256] done synthesizing module 'tkeep_system_axis_subset_converter_0_0' (7#1) [/ectf/pl/src/bd/system/ip/system_axis_subset_converter_0_0/hdl/tkeep_system_axis_subset_converter_0_0.v:48]
INFO: [Synth 8-638] synthesizing module 'tlast_system_axis_subset_converter_0_0' [/ectf/pl/src/bd/system/ip/system_axis_subset_converter_0_0/hdl/tlast_system_axis_subset_converter_0_0.v:48]
	Parameter C_S_AXIS_TID_WIDTH bound to: 1 - type: integer 
	Parameter C_S_AXIS_TUSER_WIDTH bound to: 1 - type: integer 
	Parameter C_S_AXIS_TDATA_WIDTH bound to: 40 - type: integer 
	Parameter C_S_AXIS_TDEST_WIDTH bound to: 1 - type: integer 
INFO: [Synth 8-256] done synthesizing module 'tlast_system_axis_subset_converter_0_0' (8#1) [/ectf/pl/src/bd/system/ip/system_axis_subset_converter_0_0/hdl/tlast_system_axis_subset_converter_0_0.v:48]
INFO: [Synth 8-256] done synthesizing module 'top_system_axis_subset_converter_0_0' (9#1) [/ectf/pl/src/bd/system/ip/system_axis_subset_converter_0_0/hdl/top_system_axis_subset_converter_0_0.v:60]
INFO: [Synth 8-256] done synthesizing module 'system_axis_subset_converter_0_0' (10#1) [/ectf/pl/src/bd/system/ip/system_axis_subset_converter_0_0/synth/system_axis_subset_converter_0_0.v:58]
WARNING: [Synth 8-3331] design tlast_system_axis_subset_converter_0_0 has unconnected port tid[0]
WARNING: [Synth 8-3331] design tlast_system_axis_subset_converter_0_0 has unconnected port tdata[39]
WARNING: [Synth 8-3331] design tlast_system_axis_subset_converter_0_0 has unconnected port tdata[38]
WARNING: [Synth 8-3331] design tlast_system_axis_subset_converter_0_0 has unconnected port tdata[37]
WARNING: [Synth 8-3331] design tlast_system_axis_subset_converter_0_0 has unconnected port tdata[36]
WARNING: [Synth 8-3331] design tlast_system_axis_subset_converter_0_0 has unconnected port tdata[35]
WARNING: [Synth 8-3331] design tlast_system_axis_subset_converter_0_0 has unconnected port tdata[34]
WARNING: [Synth 8-3331] design tlast_system_axis_subset_converter_0_0 has unconnected port tdata[33]
WARNING: [Synth 8-3331] design tlast_system_axis_subset_converter_0_0 has unconnected port tdata[32]
WARNING: [Synth 8-3331] design tlast_system_axis_subset_converter_0_0 has unconnected port tdata[31]
WARNING: [Synth 8-3331] design tlast_system_axis_subset_converter_0_0 has unconnected port tdata[30]
WARNING: [Synth 8-3331] design tlast_system_axis_subset_converter_0_0 has unconnected port tdata[29]
WARNING: [Synth 8-3331] design tlast_system_axis_subset_converter_0_0 has unconnected port tdata[28]
WARNING: [Synth 8-3331] design tlast_system_axis_subset_converter_0_0 has unconnected port tdata[27]
WARNING: [Synth 8-3331] design tlast_system_axis_subset_converter_0_0 has unconnected port tdata[26]
WARNING: [Synth 8-3331] design tlast_system_axis_subset_converter_0_0 has unconnected port tdata[25]
WARNING: [Synth 8-3331] design tlast_system_axis_subset_converter_0_0 has unconnected port tdata[24]
WARNING: [Synth 8-3331] design tlast_system_axis_subset_converter_0_0 has unconnected port tdata[23]
WARNING: [Synth 8-3331] design tlast_system_axis_subset_converter_0_0 has unconnected port tdata[22]
WARNING: [Synth 8-3331] design tlast_system_axis_subset_converter_0_0 has unconnected port tdata[21]
WARNING: [Synth 8-3331] design tlast_system_axis_subset_converter_0_0 has unconnected port tdata[20]
WARNING: [Synth 8-3331] design tlast_system_axis_subset_converter_0_0 has unconnected port tdata[19]
WARNING: [Synth 8-3331] design tlast_system_axis_subset_converter_0_0 has unconnected port tdata[18]
WARNING: [Synth 8-3331] design tlast_system_axis_subset_converter_0_0 has unconnected port tdata[17]
WARNING: [Synth 8-3331] design tlast_system_axis_subset_converter_0_0 has unconnected port tdata[16]
WARNING: [Synth 8-3331] design tlast_system_axis_subset_converter_0_0 has unconnected port tdata[15]
WARNING: [Synth 8-3331] design tlast_system_axis_subset_converter_0_0 has unconnected port tdata[14]
WARNING: [Synth 8-3331] design tlast_system_axis_subset_converter_0_0 has unconnected port tdata[13]
WARNING: [Synth 8-3331] design tlast_system_axis_subset_converter_0_0 has unconnected port tdata[12]
WARNING: [Synth 8-3331] design tlast_system_axis_subset_converter_0_0 has unconnected port tdata[11]
WARNING: [Synth 8-3331] design tlast_system_axis_subset_converter_0_0 has unconnected port tdata[10]
WARNING: [Synth 8-3331] design tlast_system_axis_subset_converter_0_0 has unconnected port tdata[9]
WARNING: [Synth 8-3331] design tlast_system_axis_subset_converter_0_0 has unconnected port tdata[8]
WARNING: [Synth 8-3331] design tlast_system_axis_subset_converter_0_0 has unconnected port tdata[7]
WARNING: [Synth 8-3331] design tlast_system_axis_subset_converter_0_0 has unconnected port tdata[6]
WARNING: [Synth 8-3331] design tlast_system_axis_subset_converter_0_0 has unconnected port tdata[5]
WARNING: [Synth 8-3331] design tlast_system_axis_subset_converter_0_0 has unconnected port tdata[4]
WARNING: [Synth 8-3331] design tlast_system_axis_subset_converter_0_0 has unconnected port tdata[3]
WARNING: [Synth 8-3331] design tlast_system_axis_subset_converter_0_0 has unconnected port tdata[2]
WARNING: [Synth 8-3331] design tlast_system_axis_subset_converter_0_0 has unconnected port tdata[1]
WARNING: [Synth 8-3331] design tlast_system_axis_subset_converter_0_0 has unconnected port tdata[0]
WARNING: [Synth 8-3331] design tlast_system_axis_subset_converter_0_0 has unconnected port tuser[0]
WARNING: [Synth 8-3331] design tlast_system_axis_subset_converter_0_0 has unconnected port tdest[0]
WARNING: [Synth 8-3331] design tlast_system_axis_subset_converter_0_0 has unconnected port tkeep[4]
WARNING: [Synth 8-3331] design tlast_system_axis_subset_converter_0_0 has unconnected port tkeep[3]
WARNING: [Synth 8-3331] design tlast_system_axis_subset_converter_0_0 has unconnected port tkeep[2]
WARNING: [Synth 8-3331] design tlast_system_axis_subset_converter_0_0 has unconnected port tkeep[1]
WARNING: [Synth 8-3331] design tlast_system_axis_subset_converter_0_0 has unconnected port tkeep[0]
WARNING: [Synth 8-3331] design tlast_system_axis_subset_converter_0_0 has unconnected port tstrb[4]
WARNING: [Synth 8-3331] design tlast_system_axis_subset_converter_0_0 has unconnected port tstrb[3]
WARNING: [Synth 8-3331] design tlast_system_axis_subset_converter_0_0 has unconnected port tstrb[2]
WARNING: [Synth 8-3331] design tlast_system_axis_subset_converter_0_0 has unconnected port tstrb[1]
WARNING: [Synth 8-3331] design tlast_system_axis_subset_converter_0_0 has unconnected port tstrb[0]
WARNING: [Synth 8-3331] design tlast_system_axis_subset_converter_0_0 has unconnected port tlast[0]
WARNING: [Synth 8-3331] design tkeep_system_axis_subset_converter_0_0 has unconnected port tdata[39]
WARNING: [Synth 8-3331] design tkeep_system_axis_subset_converter_0_0 has unconnected port tdata[38]
WARNING: [Synth 8-3331] design tkeep_system_axis_subset_converter_0_0 has unconnected port tdata[37]
WARNING: [Synth 8-3331] design tkeep_system_axis_subset_converter_0_0 has unconnected port tdata[36]
WARNING: [Synth 8-3331] design tkeep_system_axis_subset_converter_0_0 has unconnected port tdata[35]
WARNING: [Synth 8-3331] design tkeep_system_axis_subset_converter_0_0 has unconnected port tdata[34]
WARNING: [Synth 8-3331] design tkeep_system_axis_subset_converter_0_0 has unconnected port tdata[33]
WARNING: [Synth 8-3331] design tkeep_system_axis_subset_converter_0_0 has unconnected port tdata[32]
WARNING: [Synth 8-3331] design tkeep_system_axis_subset_converter_0_0 has unconnected port tdata[31]
WARNING: [Synth 8-3331] design tkeep_system_axis_subset_converter_0_0 has unconnected port tdata[30]
WARNING: [Synth 8-3331] design tkeep_system_axis_subset_converter_0_0 has unconnected port tdata[29]
WARNING: [Synth 8-3331] design tkeep_system_axis_subset_converter_0_0 has unconnected port tdata[28]
WARNING: [Synth 8-3331] design tkeep_system_axis_subset_converter_0_0 has unconnected port tdata[27]
WARNING: [Synth 8-3331] design tkeep_system_axis_subset_converter_0_0 has unconnected port tdata[26]
WARNING: [Synth 8-3331] design tkeep_system_axis_subset_converter_0_0 has unconnected port tdata[25]
WARNING: [Synth 8-3331] design tkeep_system_axis_subset_converter_0_0 has unconnected port tdata[24]
WARNING: [Synth 8-3331] design tkeep_system_axis_subset_converter_0_0 has unconnected port tdata[23]
WARNING: [Synth 8-3331] design tkeep_system_axis_subset_converter_0_0 has unconnected port tdata[22]
WARNING: [Synth 8-3331] design tkeep_system_axis_subset_converter_0_0 has unconnected port tdata[21]
WARNING: [Synth 8-3331] design tkeep_system_axis_subset_converter_0_0 has unconnected port tdata[20]
WARNING: [Synth 8-3331] design tkeep_system_axis_subset_converter_0_0 has unconnected port tdata[19]
WARNING: [Synth 8-3331] design tkeep_system_axis_subset_converter_0_0 has unconnected port tdata[18]
WARNING: [Synth 8-3331] design tkeep_system_axis_subset_converter_0_0 has unconnected port tdata[17]
WARNING: [Synth 8-3331] design tkeep_system_axis_subset_converter_0_0 has unconnected port tdata[16]
WARNING: [Synth 8-3331] design tkeep_system_axis_subset_converter_0_0 has unconnected port tdata[15]
WARNING: [Synth 8-3331] design tkeep_system_axis_subset_converter_0_0 has unconnected port tdata[14]
WARNING: [Synth 8-3331] design tkeep_system_axis_subset_converter_0_0 has unconnected port tdata[13]
WARNING: [Synth 8-3331] design tkeep_system_axis_subset_converter_0_0 has unconnected port tdata[12]
WARNING: [Synth 8-3331] design tkeep_system_axis_subset_converter_0_0 has unconnected port tdata[11]
WARNING: [Synth 8-3331] design tkeep_system_axis_subset_converter_0_0 has unconnected port tdata[10]
WARNING: [Synth 8-3331] design tkeep_system_axis_subset_converter_0_0 has unconnected port tdata[9]
WARNING: [Synth 8-3331] design tkeep_system_axis_subset_converter_0_0 has unconnected port tdata[8]
WARNING: [Synth 8-3331] design tkeep_system_axis_subset_converter_0_0 has unconnected port tdata[7]
WARNING: [Synth 8-3331] design tkeep_system_axis_subset_converter_0_0 has unconnected port tdata[6]
WARNING: [Synth 8-3331] design tkeep_system_axis_subset_converter_0_0 has unconnected port tdata[5]
WARNING: [Synth 8-3331] design tkeep_system_axis_subset_converter_0_0 has unconnected port tdata[4]
WARNING: [Synth 8-3331] design tkeep_system_axis_subset_converter_0_0 has unconnected port tdata[3]
WARNING: [Synth 8-3331] design tkeep_system_axis_subset_converter_0_0 has unconnected port tdata[2]
WARNING: [Synth 8-3331] design tkeep_system_axis_subset_converter_0_0 has unconnected port tdata[1]
WARNING: [Synth 8-3331] design tkeep_system_axis_subset_converter_0_0 has unconnected port tdata[0]
WARNING: [Synth 8-3331] design tkeep_system_axis_subset_converter_0_0 has unconnected port tuser[0]
WARNING: [Synth 8-3331] design tkeep_system_axis_subset_converter_0_0 has unconnected port tid[0]
WARNING: [Synth 8-3331] design tkeep_system_axis_subset_converter_0_0 has unconnected port tdest[0]
WARNING: [Synth 8-3331] design tkeep_system_axis_subset_converter_0_0 has unconnected port tkeep[4]
WARNING: [Synth 8-3331] design tkeep_system_axis_subset_converter_0_0 has unconnected port tkeep[3]
WARNING: [Synth 8-3331] design tkeep_system_axis_subset_converter_0_0 has unconnected port tkeep[2]
INFO: [Common 17-14] Message 'Synth 8-3331' appears 100 times and further instances of the messages will be disabled. Use the Tcl command set_msg_config to change the current settings.
---------------------------------------------------------------------------------
Finished RTL Elaboration : Time (s): cpu = 00:00:05 ; elapsed = 00:00:06 . Memory (MB): peak = 1272.652 ; gain = 127.531 ; free physical = 7254 ; free virtual = 11621
---------------------------------------------------------------------------------

Report Check Netlist: 
+------+------------------+-------+---------+-------+------------------+
|      |Item              |Errors |Warnings |Status |Description       |
+------+------------------+-------+---------+-------+------------------+
|1     |multi_driven_nets |      0|        0|Passed |Multi driven nets |
+------+------------------+-------+---------+-------+------------------+
---------------------------------------------------------------------------------
Finished RTL Optimization Phase 1 : Time (s): cpu = 00:00:05 ; elapsed = 00:00:06 . Memory (MB): peak = 1272.652 ; gain = 127.531 ; free physical = 7253 ; free virtual = 11621
---------------------------------------------------------------------------------
INFO: [Device 21-403] Loading part xc7z007sclg400-1
INFO: [Project 1-570] Preparing netlist for logic optimization

Processing XDC Constraints
Initializing timing engine
Parsing XDC File [/ectf/pl/src/bd/system/ip/system_axis_subset_converter_0_0/system_axis_subset_converter_0_0_ooc.xdc] for cell 'inst'
Finished Parsing XDC File [/ectf/pl/src/bd/system/ip/system_axis_subset_converter_0_0/system_axis_subset_converter_0_0_ooc.xdc] for cell 'inst'
Parsing XDC File [/ectf/pl/proj/test/test.runs/system_axis_subset_converter_0_0_synth_1/dont_touch.xdc]
Finished Parsing XDC File [/ectf/pl/proj/test/test.runs/system_axis_subset_converter_0_0_synth_1/dont_touch.xdc]
Completed Processing XDC Constraints

INFO: [Project 1-111] Unisim Transformation Summary:
No Unisim elements were transformed.

Constraint Validation Runtime : Time (s): cpu = 00:00:00 ; elapsed = 00:00:00.01 . Memory (MB): peak = 1534.285 ; gain = 0.000 ; free physical = 6902 ; free virtual = 11270
---------------------------------------------------------------------------------
Finished Constraint Validation : Time (s): cpu = 00:00:16 ; elapsed = 00:00:23 . Memory (MB): peak = 1534.285 ; gain = 389.164 ; free physical = 6952 ; free virtual = 11321
---------------------------------------------------------------------------------
---------------------------------------------------------------------------------
Start Loading Part and Timing Information
---------------------------------------------------------------------------------
Loading part: xc7z007sclg400-1
---------------------------------------------------------------------------------
Finished Loading Part and Timing Information : Time (s): cpu = 00:00:16 ; elapsed = 00:00:23 . Memory (MB): peak = 1534.285 ; gain = 389.164 ; free physical = 6952 ; free virtual = 11321
---------------------------------------------------------------------------------
---------------------------------------------------------------------------------
Start Applying 'set_property' XDC Constraints
---------------------------------------------------------------------------------
Applied set_property DONT_TOUCH = true for inst. (constraint file  /ectf/pl/proj/test/test.runs/system_axis_subset_converter_0_0_synth_1/dont_touch.xdc, line 9).
---------------------------------------------------------------------------------
Finished applying 'set_property' XDC Constraints : Time (s): cpu = 00:00:16 ; elapsed = 00:00:23 . Memory (MB): peak = 1534.285 ; gain = 389.164 ; free physical = 6953 ; free virtual = 11322
---------------------------------------------------------------------------------
---------------------------------------------------------------------------------
Finished RTL Optimization Phase 2 : Time (s): cpu = 00:00:16 ; elapsed = 00:00:23 . Memory (MB): peak = 1534.285 ; gain = 389.164 ; free physical = 6951 ; free virtual = 11319
---------------------------------------------------------------------------------

Report RTL Partitions: 
+-+--------------+------------+----------+
| |RTL Partition |Replication |Instances |
+-+--------------+------------+----------+
+-+--------------+------------+----------+
---------------------------------------------------------------------------------
Start RTL Component Statistics 
---------------------------------------------------------------------------------
Detailed RTL Component Info : 
---------------------------------------------------------------------------------
Finished RTL Component Statistics 
---------------------------------------------------------------------------------
---------------------------------------------------------------------------------
Start RTL Hierarchical Component Statistics 
---------------------------------------------------------------------------------
Hierarchical RTL Component report 
---------------------------------------------------------------------------------
Finished RTL Hierarchical Component Statistics
---------------------------------------------------------------------------------
---------------------------------------------------------------------------------
Start Part Resource Summary
---------------------------------------------------------------------------------
Part Resources:
DSPs: 66 (col length:40)
BRAMs: 100 (col length: RAMB18 40 RAMB36 20)
---------------------------------------------------------------------------------
Finished Part Resource Summary
---------------------------------------------------------------------------------
---------------------------------------------------------------------------------
Start Cross Boundary and Area Optimization
---------------------------------------------------------------------------------
---------------------------------------------------------------------------------
Finished Cross Boundary and Area Optimization : Time (s): cpu = 00:00:16 ; elapsed = 00:00:23 . Memory (MB): peak = 1534.285 ; gain = 389.164 ; free physical = 6945 ; free virtual = 11314
---------------------------------------------------------------------------------

Report RTL Partitions: 
+-+--------------+------------+----------+
| |RTL Partition |Replication |Instances |
+-+--------------+------------+----------+
+-+--------------+------------+----------+
---------------------------------------------------------------------------------
Start Applying XDC Timing Constraints
---------------------------------------------------------------------------------
---------------------------------------------------------------------------------
Finished Applying XDC Timing Constraints : Time (s): cpu = 00:00:20 ; elapsed = 00:00:29 . Memory (MB): peak = 1546.270 ; gain = 401.148 ; free physical = 6783 ; free virtual = 11151
---------------------------------------------------------------------------------
---------------------------------------------------------------------------------
Start Timing Optimization
---------------------------------------------------------------------------------
---------------------------------------------------------------------------------
Finished Timing Optimization : Time (s): cpu = 00:00:20 ; elapsed = 00:00:29 . Memory (MB): peak = 1546.270 ; gain = 401.148 ; free physical = 6783 ; free virtual = 11151
---------------------------------------------------------------------------------

Report RTL Partitions: 
+-+--------------+------------+----------+
| |RTL Partition |Replication |Instances |
+-+--------------+------------+----------+
+-+--------------+------------+----------+
---------------------------------------------------------------------------------
Start Technology Mapping
---------------------------------------------------------------------------------
---------------------------------------------------------------------------------
Finished Technology Mapping : Time (s): cpu = 00:00:20 ; elapsed = 00:00:29 . Memory (MB): peak = 1555.285 ; gain = 410.164 ; free physical = 6781 ; free virtual = 11150
---------------------------------------------------------------------------------

Report RTL Partitions: 
+-+--------------+------------+----------+
| |RTL Partition |Replication |Instances |
+-+--------------+------------+----------+
+-+--------------+------------+----------+
---------------------------------------------------------------------------------
Start IO Insertion
---------------------------------------------------------------------------------
---------------------------------------------------------------------------------
Start Flattening Before IO Insertion
---------------------------------------------------------------------------------
---------------------------------------------------------------------------------
Finished Flattening Before IO Insertion
---------------------------------------------------------------------------------
---------------------------------------------------------------------------------
Start Final Netlist Cleanup
---------------------------------------------------------------------------------
---------------------------------------------------------------------------------
Finished Final Netlist Cleanup
---------------------------------------------------------------------------------
---------------------------------------------------------------------------------
Finished IO Insertion : Time (s): cpu = 00:00:21 ; elapsed = 00:00:30 . Memory (MB): peak = 1555.285 ; gain = 410.164 ; free physical = 6794 ; free virtual = 11163
---------------------------------------------------------------------------------

Report Check Netlist: 
+------+------------------+-------+---------+-------+------------------+
|      |Item              |Errors |Warnings |Status |Description       |
+------+------------------+-------+---------+-------+------------------+
|1     |multi_driven_nets |      0|        0|Passed |Multi driven nets |
+------+------------------+-------+---------+-------+------------------+
---------------------------------------------------------------------------------
Start Renaming Generated Instances
---------------------------------------------------------------------------------
---------------------------------------------------------------------------------
Finished Renaming Generated Instances : Time (s): cpu = 00:00:21 ; elapsed = 00:00:30 . Memory (MB): peak = 1555.285 ; gain = 410.164 ; free physical = 6794 ; free virtual = 11163
---------------------------------------------------------------------------------

Report RTL Partitions: 
+-+--------------+------------+----------+
| |RTL Partition |Replication |Instances |
+-+--------------+------------+----------+
+-+--------------+------------+----------+
---------------------------------------------------------------------------------
Start Rebuilding User Hierarchy
---------------------------------------------------------------------------------
---------------------------------------------------------------------------------
Finished Rebuilding User Hierarchy : Time (s): cpu = 00:00:21 ; elapsed = 00:00:30 . Memory (MB): peak = 1555.285 ; gain = 410.164 ; free physical = 6794 ; free virtual = 11163
---------------------------------------------------------------------------------
---------------------------------------------------------------------------------
Start Renaming Generated Ports
---------------------------------------------------------------------------------
---------------------------------------------------------------------------------
Finished Renaming Generated Ports : Time (s): cpu = 00:00:21 ; elapsed = 00:00:30 . Memory (MB): peak = 1555.285 ; gain = 410.164 ; free physical = 6794 ; free virtual = 11163
---------------------------------------------------------------------------------
---------------------------------------------------------------------------------
Start Handling Custom Attributes
---------------------------------------------------------------------------------
---------------------------------------------------------------------------------
Finished Handling Custom Attributes : Time (s): cpu = 00:00:21 ; elapsed = 00:00:30 . Memory (MB): peak = 1555.285 ; gain = 410.164 ; free physical = 6794 ; free virtual = 11163
---------------------------------------------------------------------------------
---------------------------------------------------------------------------------
Start Renaming Generated Nets
---------------------------------------------------------------------------------
---------------------------------------------------------------------------------
Finished Renaming Generated Nets : Time (s): cpu = 00:00:21 ; elapsed = 00:00:30 . Memory (MB): peak = 1555.285 ; gain = 410.164 ; free physical = 6794 ; free virtual = 11162
---------------------------------------------------------------------------------
---------------------------------------------------------------------------------
Start Writing Synthesis Report
---------------------------------------------------------------------------------

Report BlackBoxes: 
+-+--------------+----------+
| |BlackBox name |Instances |
+-+--------------+----------+
+-+--------------+----------+

Report Cell Usage: 
+-+-----+------+
| |Cell |Count |
+-+-----+------+
+-+-----+------+

Report Instance Areas: 
+------+---------+-------------------------------------+------+
|      |Instance |Module                               |Cells |
+------+---------+-------------------------------------+------+
|1     |top      |                                     |     0|
|2     |  inst   |top_system_axis_subset_converter_0_0 |     0|
+------+---------+-------------------------------------+------+
---------------------------------------------------------------------------------
Finished Writing Synthesis Report : Time (s): cpu = 00:00:21 ; elapsed = 00:00:30 . Memory (MB): peak = 1555.285 ; gain = 410.164 ; free physical = 6794 ; free virtual = 11162
---------------------------------------------------------------------------------
Synthesis finished with 0 errors, 0 critical warnings and 41 warnings.
Synthesis Optimization Runtime : Time (s): cpu = 00:00:15 ; elapsed = 00:00:18 . Memory (MB): peak = 1555.285 ; gain = 148.531 ; free physical = 6848 ; free virtual = 11217
Synthesis Optimization Complete : Time (s): cpu = 00:00:21 ; elapsed = 00:00:30 . Memory (MB): peak = 1555.293 ; gain = 410.164 ; free physical = 6848 ; free virtual = 11217
INFO: [Project 1-571] Translating synthesized netlist
INFO: [Project 1-570] Preparing netlist for logic optimization
INFO: [Opt 31-138] Pushed 0 inverter(s) to 0 load pin(s).
INFO: [Project 1-111] Unisim Transformation Summary:
No Unisim elements were transformed.

INFO: [Common 17-83] Releasing license: Synthesis
30 Infos, 100 Warnings, 0 Critical Warnings and 0 Errors encountered.
synth_design completed successfully
synth_design: Time (s): cpu = 00:00:22 ; elapsed = 00:00:30 . Memory (MB): peak = 1566.285 ; gain = 434.535 ; free physical = 6840 ; free virtual = 11208
INFO: [Common 17-1381] The checkpoint '/ectf/pl/proj/test/test.runs/system_axis_subset_converter_0_0_synth_1/system_axis_subset_converter_0_0.dcp' has been generated.
