
*** Running vivado
    with args -log system_data_lmb_bram_if_cntlr_1_0.vds -m64 -product Vivado -mode batch -messageDb vivado.pb -notrace -source system_data_lmb_bram_if_cntlr_1_0.tcl


****** Vivado v2017.4 (64-bit)
  **** SW Build 2086221 on Fri Dec 15 20:54:30 MST 2017
  **** IP Build 2085800 on Fri Dec 15 22:25:07 MST 2017
    ** Copyright 1986-2017 Xilinx, Inc. All Rights Reserved.

source system_data_lmb_bram_if_cntlr_1_0.tcl -notrace
Command: synth_design -top system_data_lmb_bram_if_cntlr_1_0 -part xc7z007sclg400-1 -mode out_of_context
Starting synth_design
Attempting to get a license for feature 'Synthesis' and/or device 'xc7z007s'
INFO: [Common 17-349] Got license for feature 'Synthesis' and/or device 'xc7z007s'
INFO: Launching helper process for spawning children vivado processes
INFO: Helper process launched with PID 6944 
---------------------------------------------------------------------------------
Starting RTL Elaboration : Time (s): cpu = 00:00:15 ; elapsed = 00:00:25 . Memory (MB): peak = 1230.812 ; gain = 86.000 ; free physical = 125 ; free virtual = 10895
---------------------------------------------------------------------------------
INFO: [Synth 8-638] synthesizing module 'system_data_lmb_bram_if_cntlr_1_0' [/ectf_master/pl/src/bd/system/ip/system_data_lmb_bram_if_cntlr_1_0/synth/system_data_lmb_bram_if_cntlr_1_0.vhd:84]
	Parameter C_FAMILY bound to: zynq - type: string 
	Parameter C_HIGHADDR bound to: 64'b0000000000000000000000000000000000000000000000011111111111111111 
	Parameter C_BASEADDR bound to: 64'b0000000000000000000000000000000000000000000000000000000000000000 
	Parameter C_NUM_LMB bound to: 1 - type: integer 
	Parameter C_MASK bound to: 64'b0000000000000000000000000000000001100000001000000000000000000000 
	Parameter C_MASK1 bound to: 64'b0000000000000000000000000000000000000000100000000000000000000000 
	Parameter C_MASK2 bound to: 64'b0000000000000000000000000000000000000000100000000000000000000000 
	Parameter C_MASK3 bound to: 64'b0000000000000000000000000000000000000000100000000000000000000000 
	Parameter C_LMB_AWIDTH bound to: 32 - type: integer 
	Parameter C_LMB_DWIDTH bound to: 32 - type: integer 
	Parameter C_ECC bound to: 0 - type: integer 
	Parameter C_INTERCONNECT bound to: 0 - type: integer 
	Parameter C_FAULT_INJECT bound to: 0 - type: integer 
	Parameter C_CE_FAILING_REGISTERS bound to: 0 - type: integer 
	Parameter C_UE_FAILING_REGISTERS bound to: 0 - type: integer 
	Parameter C_ECC_STATUS_REGISTERS bound to: 0 - type: integer 
	Parameter C_ECC_ONOFF_REGISTER bound to: 0 - type: integer 
	Parameter C_ECC_ONOFF_RESET_VALUE bound to: 1 - type: integer 
	Parameter C_CE_COUNTER_WIDTH bound to: 0 - type: integer 
	Parameter C_WRITE_ACCESS bound to: 2 - type: integer 
	Parameter C_BRAM_AWIDTH bound to: 32 - type: integer 
	Parameter C_S_AXI_CTRL_ADDR_WIDTH bound to: 32 - type: integer 
	Parameter C_S_AXI_CTRL_DATA_WIDTH bound to: 32 - type: integer 
INFO: [Synth 8-3491] module 'lmb_bram_if_cntlr' declared at '/ectf_master/pl/src/bd/system/ipshared/226d/hdl/lmb_bram_if_cntlr_v4_0_vh_rfs.vhd:3115' bound to instance 'U0' of component 'lmb_bram_if_cntlr' [/ectf_master/pl/src/bd/system/ip/system_data_lmb_bram_if_cntlr_1_0/synth/system_data_lmb_bram_if_cntlr_1_0.vhd:225]
INFO: [Synth 8-638] synthesizing module 'lmb_bram_if_cntlr' [/ectf_master/pl/src/bd/system/ipshared/226d/hdl/lmb_bram_if_cntlr_v4_0_vh_rfs.vhd:3239]
	Parameter C_FAMILY bound to: zynq - type: string 
	Parameter C_HIGHADDR bound to: 64'b0000000000000000000000000000000000000000000000011111111111111111 
	Parameter C_BASEADDR bound to: 64'b0000000000000000000000000000000000000000000000000000000000000000 
	Parameter C_MASK bound to: 64'b0000000000000000000000000000000001100000001000000000000000000000 
	Parameter C_MASK1 bound to: 64'b0000000000000000000000000000000000000000100000000000000000000000 
	Parameter C_MASK2 bound to: 64'b0000000000000000000000000000000000000000100000000000000000000000 
	Parameter C_MASK3 bound to: 64'b0000000000000000000000000000000000000000100000000000000000000000 
	Parameter C_LMB_AWIDTH bound to: 32 - type: integer 
	Parameter C_LMB_DWIDTH bound to: 32 - type: integer 
	Parameter C_ECC bound to: 0 - type: integer 
	Parameter C_INTERCONNECT bound to: 0 - type: integer 
	Parameter C_FAULT_INJECT bound to: 0 - type: integer 
	Parameter C_CE_FAILING_REGISTERS bound to: 0 - type: integer 
	Parameter C_UE_FAILING_REGISTERS bound to: 0 - type: integer 
	Parameter C_ECC_STATUS_REGISTERS bound to: 0 - type: integer 
	Parameter C_ECC_ONOFF_REGISTER bound to: 0 - type: integer 
	Parameter C_ECC_ONOFF_RESET_VALUE bound to: 1 - type: integer 
	Parameter C_CE_COUNTER_WIDTH bound to: 0 - type: integer 
	Parameter C_WRITE_ACCESS bound to: 2 - type: integer 
	Parameter C_NUM_LMB bound to: 1 - type: integer 
	Parameter C_BRAM_AWIDTH bound to: 32 - type: integer 
	Parameter C_S_AXI_CTRL_BASEADDR bound to: 32'b11111111111111111111111111111111 
	Parameter C_S_AXI_CTRL_HIGHADDR bound to: 32'b00000000000000000000000000000000 
	Parameter C_S_AXI_CTRL_ADDR_WIDTH bound to: 32 - type: integer 
	Parameter C_S_AXI_CTRL_DATA_WIDTH bound to: 32 - type: integer 
	Parameter C_TARGET bound to: 3 - type: integer 
	Parameter C_BASEADDR bound to: 64'b0000000000000000000000000000000000000000000000000000000000000000 
	Parameter C_MASK bound to: 64'b0000000000000000000000000000000001100000001000000000000000000000 
	Parameter C_MASK1 bound to: 64'b0000000000000000000000000000000000000000100000000000000000000000 
	Parameter C_MASK2 bound to: 64'b0000000000000000000000000000000000000000100000000000000000000000 
	Parameter C_MASK3 bound to: 64'b0000000000000000000000000000000000000000100000000000000000000000 
	Parameter C_LMB_AWIDTH bound to: 32 - type: integer 
	Parameter C_LMB_DWIDTH bound to: 32 - type: integer 
	Parameter C_ECC bound to: 0 - type: integer 
	Parameter C_NUM_LMB bound to: 1 - type: integer 
INFO: [Synth 8-3491] module 'lmb_mux' declared at '/ectf_master/pl/src/bd/system/ipshared/226d/hdl/lmb_bram_if_cntlr_v4_0_vh_rfs.vhd:2523' bound to instance 'lmb_mux_I' of component 'lmb_mux' [/ectf_master/pl/src/bd/system/ipshared/226d/hdl/lmb_bram_if_cntlr_v4_0_vh_rfs.vhd:3462]
INFO: [Synth 8-638] synthesizing module 'lmb_mux' [/ectf_master/pl/src/bd/system/ipshared/226d/hdl/lmb_bram_if_cntlr_v4_0_vh_rfs.vhd:2609]
	Parameter C_TARGET bound to: 3 - type: integer 
	Parameter C_BASEADDR bound to: 64'b0000000000000000000000000000000000000000000000000000000000000000 
	Parameter C_MASK bound to: 64'b0000000000000000000000000000000001100000001000000000000000000000 
	Parameter C_MASK1 bound to: 64'b0000000000000000000000000000000000000000100000000000000000000000 
	Parameter C_MASK2 bound to: 64'b0000000000000000000000000000000000000000100000000000000000000000 
	Parameter C_MASK3 bound to: 64'b0000000000000000000000000000000000000000100000000000000000000000 
	Parameter C_LMB_AWIDTH bound to: 32 - type: integer 
	Parameter C_LMB_DWIDTH bound to: 32 - type: integer 
	Parameter C_ECC bound to: 0 - type: integer 
	Parameter C_NUM_LMB bound to: 1 - type: integer 
	Parameter C_AW bound to: 32 - type: integer 
	Parameter C_BAR bound to: 64'b0000000000000000000000000000000000000000000000000000000000000000 
	Parameter C_MASK bound to: 64'b0000000000000000000000000000000001100000001000000000000000000000 
INFO: [Synth 8-3491] module 'pselect_mask' declared at '/ectf_master/pl/src/bd/system/ipshared/226d/hdl/lmb_bram_if_cntlr_v4_0_vh_rfs.vhd:2106' bound to instance 'pselect_mask_lmb' of component 'pselect_mask' [/ectf_master/pl/src/bd/system/ipshared/226d/hdl/lmb_bram_if_cntlr_v4_0_vh_rfs.vhd:2677]
INFO: [Synth 8-638] synthesizing module 'pselect_mask' [/ectf_master/pl/src/bd/system/ipshared/226d/hdl/lmb_bram_if_cntlr_v4_0_vh_rfs.vhd:2121]
	Parameter C_AW bound to: 32 - type: integer 
	Parameter C_BAR bound to: 64'b0000000000000000000000000000000000000000000000000000000000000000 
	Parameter C_MASK bound to: 64'b0000000000000000000000000000000001100000001000000000000000000000 
INFO: [Synth 8-256] done synthesizing module 'pselect_mask' (1#1) [/ectf_master/pl/src/bd/system/ipshared/226d/hdl/lmb_bram_if_cntlr_v4_0_vh_rfs.vhd:2121]
INFO: [Synth 8-256] done synthesizing module 'lmb_mux' (2#1) [/ectf_master/pl/src/bd/system/ipshared/226d/hdl/lmb_bram_if_cntlr_v4_0_vh_rfs.vhd:2609]
INFO: [Synth 8-256] done synthesizing module 'lmb_bram_if_cntlr' (3#1) [/ectf_master/pl/src/bd/system/ipshared/226d/hdl/lmb_bram_if_cntlr_v4_0_vh_rfs.vhd:3239]
INFO: [Synth 8-256] done synthesizing module 'system_data_lmb_bram_if_cntlr_1_0' (4#1) [/ectf_master/pl/src/bd/system/ip/system_data_lmb_bram_if_cntlr_1_0/synth/system_data_lmb_bram_if_cntlr_1_0.vhd:84]
WARNING: [Synth 8-3331] design pselect_mask has unconnected port A[0]
WARNING: [Synth 8-3331] design pselect_mask has unconnected port A[3]
WARNING: [Synth 8-3331] design pselect_mask has unconnected port A[4]
WARNING: [Synth 8-3331] design pselect_mask has unconnected port A[5]
WARNING: [Synth 8-3331] design pselect_mask has unconnected port A[6]
WARNING: [Synth 8-3331] design pselect_mask has unconnected port A[7]
WARNING: [Synth 8-3331] design pselect_mask has unconnected port A[8]
WARNING: [Synth 8-3331] design pselect_mask has unconnected port A[9]
WARNING: [Synth 8-3331] design pselect_mask has unconnected port A[11]
WARNING: [Synth 8-3331] design pselect_mask has unconnected port A[12]
WARNING: [Synth 8-3331] design pselect_mask has unconnected port A[13]
WARNING: [Synth 8-3331] design pselect_mask has unconnected port A[14]
WARNING: [Synth 8-3331] design pselect_mask has unconnected port A[15]
WARNING: [Synth 8-3331] design pselect_mask has unconnected port A[16]
WARNING: [Synth 8-3331] design pselect_mask has unconnected port A[17]
WARNING: [Synth 8-3331] design pselect_mask has unconnected port A[18]
WARNING: [Synth 8-3331] design pselect_mask has unconnected port A[19]
WARNING: [Synth 8-3331] design pselect_mask has unconnected port A[20]
WARNING: [Synth 8-3331] design pselect_mask has unconnected port A[21]
WARNING: [Synth 8-3331] design pselect_mask has unconnected port A[22]
WARNING: [Synth 8-3331] design pselect_mask has unconnected port A[23]
WARNING: [Synth 8-3331] design pselect_mask has unconnected port A[24]
WARNING: [Synth 8-3331] design pselect_mask has unconnected port A[25]
WARNING: [Synth 8-3331] design pselect_mask has unconnected port A[26]
WARNING: [Synth 8-3331] design pselect_mask has unconnected port A[27]
WARNING: [Synth 8-3331] design pselect_mask has unconnected port A[28]
WARNING: [Synth 8-3331] design pselect_mask has unconnected port A[29]
WARNING: [Synth 8-3331] design pselect_mask has unconnected port A[30]
WARNING: [Synth 8-3331] design pselect_mask has unconnected port A[31]
WARNING: [Synth 8-3331] design lmb_mux has unconnected port LMB_Clk
WARNING: [Synth 8-3331] design lmb_mux has unconnected port LMB_Rst
WARNING: [Synth 8-3331] design lmb_mux has unconnected port LMB1_ABus[0]
WARNING: [Synth 8-3331] design lmb_mux has unconnected port LMB1_ABus[1]
WARNING: [Synth 8-3331] design lmb_mux has unconnected port LMB1_ABus[2]
WARNING: [Synth 8-3331] design lmb_mux has unconnected port LMB1_ABus[3]
WARNING: [Synth 8-3331] design lmb_mux has unconnected port LMB1_ABus[4]
WARNING: [Synth 8-3331] design lmb_mux has unconnected port LMB1_ABus[5]
WARNING: [Synth 8-3331] design lmb_mux has unconnected port LMB1_ABus[6]
WARNING: [Synth 8-3331] design lmb_mux has unconnected port LMB1_ABus[7]
WARNING: [Synth 8-3331] design lmb_mux has unconnected port LMB1_ABus[8]
WARNING: [Synth 8-3331] design lmb_mux has unconnected port LMB1_ABus[9]
WARNING: [Synth 8-3331] design lmb_mux has unconnected port LMB1_ABus[10]
WARNING: [Synth 8-3331] design lmb_mux has unconnected port LMB1_ABus[11]
WARNING: [Synth 8-3331] design lmb_mux has unconnected port LMB1_ABus[12]
WARNING: [Synth 8-3331] design lmb_mux has unconnected port LMB1_ABus[13]
WARNING: [Synth 8-3331] design lmb_mux has unconnected port LMB1_ABus[14]
WARNING: [Synth 8-3331] design lmb_mux has unconnected port LMB1_ABus[15]
WARNING: [Synth 8-3331] design lmb_mux has unconnected port LMB1_ABus[16]
WARNING: [Synth 8-3331] design lmb_mux has unconnected port LMB1_ABus[17]
WARNING: [Synth 8-3331] design lmb_mux has unconnected port LMB1_ABus[18]
WARNING: [Synth 8-3331] design lmb_mux has unconnected port LMB1_ABus[19]
WARNING: [Synth 8-3331] design lmb_mux has unconnected port LMB1_ABus[20]
WARNING: [Synth 8-3331] design lmb_mux has unconnected port LMB1_ABus[21]
WARNING: [Synth 8-3331] design lmb_mux has unconnected port LMB1_ABus[22]
WARNING: [Synth 8-3331] design lmb_mux has unconnected port LMB1_ABus[23]
WARNING: [Synth 8-3331] design lmb_mux has unconnected port LMB1_ABus[24]
WARNING: [Synth 8-3331] design lmb_mux has unconnected port LMB1_ABus[25]
WARNING: [Synth 8-3331] design lmb_mux has unconnected port LMB1_ABus[26]
WARNING: [Synth 8-3331] design lmb_mux has unconnected port LMB1_ABus[27]
WARNING: [Synth 8-3331] design lmb_mux has unconnected port LMB1_ABus[28]
WARNING: [Synth 8-3331] design lmb_mux has unconnected port LMB1_ABus[29]
WARNING: [Synth 8-3331] design lmb_mux has unconnected port LMB1_ABus[30]
WARNING: [Synth 8-3331] design lmb_mux has unconnected port LMB1_ABus[31]
WARNING: [Synth 8-3331] design lmb_mux has unconnected port LMB1_WriteDBus[0]
WARNING: [Synth 8-3331] design lmb_mux has unconnected port LMB1_WriteDBus[1]
WARNING: [Synth 8-3331] design lmb_mux has unconnected port LMB1_WriteDBus[2]
WARNING: [Synth 8-3331] design lmb_mux has unconnected port LMB1_WriteDBus[3]
WARNING: [Synth 8-3331] design lmb_mux has unconnected port LMB1_WriteDBus[4]
WARNING: [Synth 8-3331] design lmb_mux has unconnected port LMB1_WriteDBus[5]
WARNING: [Synth 8-3331] design lmb_mux has unconnected port LMB1_WriteDBus[6]
WARNING: [Synth 8-3331] design lmb_mux has unconnected port LMB1_WriteDBus[7]
WARNING: [Synth 8-3331] design lmb_mux has unconnected port LMB1_WriteDBus[8]
WARNING: [Synth 8-3331] design lmb_mux has unconnected port LMB1_WriteDBus[9]
WARNING: [Synth 8-3331] design lmb_mux has unconnected port LMB1_WriteDBus[10]
WARNING: [Synth 8-3331] design lmb_mux has unconnected port LMB1_WriteDBus[11]
WARNING: [Synth 8-3331] design lmb_mux has unconnected port LMB1_WriteDBus[12]
WARNING: [Synth 8-3331] design lmb_mux has unconnected port LMB1_WriteDBus[13]
WARNING: [Synth 8-3331] design lmb_mux has unconnected port LMB1_WriteDBus[14]
WARNING: [Synth 8-3331] design lmb_mux has unconnected port LMB1_WriteDBus[15]
WARNING: [Synth 8-3331] design lmb_mux has unconnected port LMB1_WriteDBus[16]
WARNING: [Synth 8-3331] design lmb_mux has unconnected port LMB1_WriteDBus[17]
WARNING: [Synth 8-3331] design lmb_mux has unconnected port LMB1_WriteDBus[18]
WARNING: [Synth 8-3331] design lmb_mux has unconnected port LMB1_WriteDBus[19]
WARNING: [Synth 8-3331] design lmb_mux has unconnected port LMB1_WriteDBus[20]
WARNING: [Synth 8-3331] design lmb_mux has unconnected port LMB1_WriteDBus[21]
WARNING: [Synth 8-3331] design lmb_mux has unconnected port LMB1_WriteDBus[22]
WARNING: [Synth 8-3331] design lmb_mux has unconnected port LMB1_WriteDBus[23]
WARNING: [Synth 8-3331] design lmb_mux has unconnected port LMB1_WriteDBus[24]
WARNING: [Synth 8-3331] design lmb_mux has unconnected port LMB1_WriteDBus[25]
WARNING: [Synth 8-3331] design lmb_mux has unconnected port LMB1_WriteDBus[26]
WARNING: [Synth 8-3331] design lmb_mux has unconnected port LMB1_WriteDBus[27]
WARNING: [Synth 8-3331] design lmb_mux has unconnected port LMB1_WriteDBus[28]
WARNING: [Synth 8-3331] design lmb_mux has unconnected port LMB1_WriteDBus[29]
WARNING: [Synth 8-3331] design lmb_mux has unconnected port LMB1_WriteDBus[30]
WARNING: [Synth 8-3331] design lmb_mux has unconnected port LMB1_WriteDBus[31]
WARNING: [Synth 8-3331] design lmb_mux has unconnected port LMB1_AddrStrobe
WARNING: [Synth 8-3331] design lmb_mux has unconnected port LMB1_ReadStrobe
WARNING: [Synth 8-3331] design lmb_mux has unconnected port LMB1_WriteStrobe
WARNING: [Synth 8-3331] design lmb_mux has unconnected port LMB1_BE[0]
WARNING: [Synth 8-3331] design lmb_mux has unconnected port LMB1_BE[1]
INFO: [Common 17-14] Message 'Synth 8-3331' appears 100 times and further instances of the messages will be disabled. Use the Tcl command set_msg_config to change the current settings.
---------------------------------------------------------------------------------
Finished RTL Elaboration : Time (s): cpu = 00:00:16 ; elapsed = 00:00:31 . Memory (MB): peak = 1274.344 ; gain = 129.531 ; free physical = 288 ; free virtual = 10868
---------------------------------------------------------------------------------

Report Check Netlist: 
+------+------------------+-------+---------+-------+------------------+
|      |Item              |Errors |Warnings |Status |Description       |
+------+------------------+-------+---------+-------+------------------+
|1     |multi_driven_nets |      0|        0|Passed |Multi driven nets |
+------+------------------+-------+---------+-------+------------------+
---------------------------------------------------------------------------------
Finished RTL Optimization Phase 1 : Time (s): cpu = 00:00:16 ; elapsed = 00:00:32 . Memory (MB): peak = 1274.344 ; gain = 129.531 ; free physical = 271 ; free virtual = 10856
---------------------------------------------------------------------------------
INFO: [Device 21-403] Loading part xc7z007sclg400-1
INFO: [Project 1-570] Preparing netlist for logic optimization

Processing XDC Constraints
Initializing timing engine
Parsing XDC File [/ectf_master/pl/src/bd/system/ip/system_data_lmb_bram_if_cntlr_1_0/system_data_lmb_bram_if_cntlr_1_0_ooc.xdc] for cell 'U0'
create_clock: Time (s): cpu = 00:00:00.67 ; elapsed = 00:00:23 . Memory (MB): peak = 1560.953 ; gain = 8.000 ; free physical = 258 ; free virtual = 9432
Finished Parsing XDC File [/ectf_master/pl/src/bd/system/ip/system_data_lmb_bram_if_cntlr_1_0/system_data_lmb_bram_if_cntlr_1_0_ooc.xdc] for cell 'U0'
Parsing XDC File [/ectf_master/pl/proj/test/test.runs/system_data_lmb_bram_if_cntlr_1_0_synth_1/dont_touch.xdc]
Finished Parsing XDC File [/ectf_master/pl/proj/test/test.runs/system_data_lmb_bram_if_cntlr_1_0_synth_1/dont_touch.xdc]
Completed Processing XDC Constraints

INFO: [Project 1-111] Unisim Transformation Summary:
No Unisim elements were transformed.

Constraint Validation Runtime : Time (s): cpu = 00:00:00.03 ; elapsed = 00:00:01 . Memory (MB): peak = 1560.953 ; gain = 0.000 ; free physical = 217 ; free virtual = 9426
---------------------------------------------------------------------------------
Finished Constraint Validation : Time (s): cpu = 00:00:50 ; elapsed = 00:03:14 . Memory (MB): peak = 1560.953 ; gain = 416.141 ; free physical = 420 ; free virtual = 9743
---------------------------------------------------------------------------------
---------------------------------------------------------------------------------
Start Loading Part and Timing Information
---------------------------------------------------------------------------------
Loading part: xc7z007sclg400-1
---------------------------------------------------------------------------------
Finished Loading Part and Timing Information : Time (s): cpu = 00:00:50 ; elapsed = 00:03:14 . Memory (MB): peak = 1560.953 ; gain = 416.141 ; free physical = 419 ; free virtual = 9743
---------------------------------------------------------------------------------
---------------------------------------------------------------------------------
Start Applying 'set_property' XDC Constraints
---------------------------------------------------------------------------------
Applied set_property DONT_TOUCH = true for U0. (constraint file  /ectf_master/pl/proj/test/test.runs/system_data_lmb_bram_if_cntlr_1_0_synth_1/dont_touch.xdc, line 9).
---------------------------------------------------------------------------------
Finished applying 'set_property' XDC Constraints : Time (s): cpu = 00:00:50 ; elapsed = 00:03:14 . Memory (MB): peak = 1560.953 ; gain = 416.141 ; free physical = 428 ; free virtual = 9749
---------------------------------------------------------------------------------
---------------------------------------------------------------------------------
Finished RTL Optimization Phase 2 : Time (s): cpu = 00:00:50 ; elapsed = 00:03:15 . Memory (MB): peak = 1560.953 ; gain = 416.141 ; free physical = 414 ; free virtual = 9742
---------------------------------------------------------------------------------

Report RTL Partitions: 
+-+--------------+------------+----------+
| |RTL Partition |Replication |Instances |
+-+--------------+------------+----------+
+-+--------------+------------+----------+
---------------------------------------------------------------------------------
Start RTL Component Statistics 
---------------------------------------------------------------------------------
Detailed RTL Component Info : 
+---Registers : 
	                1 Bit    Registers := 2     
---------------------------------------------------------------------------------
Finished RTL Component Statistics 
---------------------------------------------------------------------------------
---------------------------------------------------------------------------------
Start RTL Hierarchical Component Statistics 
---------------------------------------------------------------------------------
Hierarchical RTL Component report 
Module lmb_bram_if_cntlr 
Detailed RTL Component Info : 
+---Registers : 
	                1 Bit    Registers := 2     
---------------------------------------------------------------------------------
Finished RTL Hierarchical Component Statistics
---------------------------------------------------------------------------------
---------------------------------------------------------------------------------
Start Part Resource Summary
---------------------------------------------------------------------------------
Part Resources:
DSPs: 66 (col length:40)
BRAMs: 100 (col length: RAMB18 40 RAMB36 20)
---------------------------------------------------------------------------------
Finished Part Resource Summary
---------------------------------------------------------------------------------
---------------------------------------------------------------------------------
Start Cross Boundary and Area Optimization
---------------------------------------------------------------------------------
---------------------------------------------------------------------------------
Finished Cross Boundary and Area Optimization : Time (s): cpu = 00:00:51 ; elapsed = 00:03:16 . Memory (MB): peak = 1560.953 ; gain = 416.141 ; free physical = 394 ; free virtual = 9731
---------------------------------------------------------------------------------

Report RTL Partitions: 
+-+--------------+------------+----------+
| |RTL Partition |Replication |Instances |
+-+--------------+------------+----------+
+-+--------------+------------+----------+
---------------------------------------------------------------------------------
Start Applying XDC Timing Constraints
---------------------------------------------------------------------------------
---------------------------------------------------------------------------------
Finished Applying XDC Timing Constraints : Time (s): cpu = 00:01:04 ; elapsed = 00:03:50 . Memory (MB): peak = 1567.953 ; gain = 423.141 ; free physical = 265 ; free virtual = 9135
---------------------------------------------------------------------------------
---------------------------------------------------------------------------------
Start Timing Optimization
---------------------------------------------------------------------------------
---------------------------------------------------------------------------------
Finished Timing Optimization : Time (s): cpu = 00:01:04 ; elapsed = 00:03:53 . Memory (MB): peak = 1567.953 ; gain = 423.141 ; free physical = 152 ; free virtual = 9080
---------------------------------------------------------------------------------

Report RTL Partitions: 
+-+--------------+------------+----------+
| |RTL Partition |Replication |Instances |
+-+--------------+------------+----------+
+-+--------------+------------+----------+
---------------------------------------------------------------------------------
Start Technology Mapping
---------------------------------------------------------------------------------
---------------------------------------------------------------------------------
Finished Technology Mapping : Time (s): cpu = 00:01:04 ; elapsed = 00:03:55 . Memory (MB): peak = 1586.984 ; gain = 442.172 ; free physical = 190 ; free virtual = 9070
---------------------------------------------------------------------------------

Report RTL Partitions: 
+-+--------------+------------+----------+
| |RTL Partition |Replication |Instances |
+-+--------------+------------+----------+
+-+--------------+------------+----------+
---------------------------------------------------------------------------------
Start IO Insertion
---------------------------------------------------------------------------------
---------------------------------------------------------------------------------
Start Flattening Before IO Insertion
---------------------------------------------------------------------------------
---------------------------------------------------------------------------------
Finished Flattening Before IO Insertion
---------------------------------------------------------------------------------
---------------------------------------------------------------------------------
Start Final Netlist Cleanup
---------------------------------------------------------------------------------
---------------------------------------------------------------------------------
Finished Final Netlist Cleanup
---------------------------------------------------------------------------------
---------------------------------------------------------------------------------
Finished IO Insertion : Time (s): cpu = 00:01:05 ; elapsed = 00:03:59 . Memory (MB): peak = 1586.984 ; gain = 442.172 ; free physical = 150 ; free virtual = 9042
---------------------------------------------------------------------------------

Report Check Netlist: 
+------+------------------+-------+---------+-------+------------------+
|      |Item              |Errors |Warnings |Status |Description       |
+------+------------------+-------+---------+-------+------------------+
|1     |multi_driven_nets |      0|        0|Passed |Multi driven nets |
+------+------------------+-------+---------+-------+------------------+
---------------------------------------------------------------------------------
Start Renaming Generated Instances
---------------------------------------------------------------------------------
---------------------------------------------------------------------------------
Finished Renaming Generated Instances : Time (s): cpu = 00:01:05 ; elapsed = 00:03:59 . Memory (MB): peak = 1586.984 ; gain = 442.172 ; free physical = 148 ; free virtual = 9041
---------------------------------------------------------------------------------

Report RTL Partitions: 
+-+--------------+------------+----------+
| |RTL Partition |Replication |Instances |
+-+--------------+------------+----------+
+-+--------------+------------+----------+
---------------------------------------------------------------------------------
Start Rebuilding User Hierarchy
---------------------------------------------------------------------------------
---------------------------------------------------------------------------------
Finished Rebuilding User Hierarchy : Time (s): cpu = 00:01:05 ; elapsed = 00:03:59 . Memory (MB): peak = 1586.984 ; gain = 442.172 ; free physical = 147 ; free virtual = 9041
---------------------------------------------------------------------------------
---------------------------------------------------------------------------------
Start Renaming Generated Ports
---------------------------------------------------------------------------------
---------------------------------------------------------------------------------
Finished Renaming Generated Ports : Time (s): cpu = 00:01:05 ; elapsed = 00:03:59 . Memory (MB): peak = 1586.984 ; gain = 442.172 ; free physical = 147 ; free virtual = 9041
---------------------------------------------------------------------------------
---------------------------------------------------------------------------------
Start Handling Custom Attributes
---------------------------------------------------------------------------------
---------------------------------------------------------------------------------
Finished Handling Custom Attributes : Time (s): cpu = 00:01:05 ; elapsed = 00:04:00 . Memory (MB): peak = 1586.984 ; gain = 442.172 ; free physical = 146 ; free virtual = 9041
---------------------------------------------------------------------------------
---------------------------------------------------------------------------------
Start Renaming Generated Nets
---------------------------------------------------------------------------------
---------------------------------------------------------------------------------
Finished Renaming Generated Nets : Time (s): cpu = 00:01:05 ; elapsed = 00:04:00 . Memory (MB): peak = 1586.984 ; gain = 442.172 ; free physical = 146 ; free virtual = 9041
---------------------------------------------------------------------------------
---------------------------------------------------------------------------------
Start Writing Synthesis Report
---------------------------------------------------------------------------------

Report BlackBoxes: 
+-+--------------+----------+
| |BlackBox name |Instances |
+-+--------------+----------+
+-+--------------+----------+

Report Cell Usage: 
+------+-----+------+
|      |Cell |Count |
+------+-----+------+
|1     |LUT2 |     2|
|2     |LUT4 |     1|
|3     |LUT5 |     4|
|4     |FDRE |     2|
+------+-----+------+

Report Instance Areas: 
+------+---------+------------------+------+
|      |Instance |Module            |Cells |
+------+---------+------------------+------+
|1     |top      |                  |     9|
|2     |  U0     |lmb_bram_if_cntlr |     9|
+------+---------+------------------+------+
---------------------------------------------------------------------------------
Finished Writing Synthesis Report : Time (s): cpu = 00:01:05 ; elapsed = 00:04:00 . Memory (MB): peak = 1586.984 ; gain = 442.172 ; free physical = 146 ; free virtual = 9042
---------------------------------------------------------------------------------
Synthesis finished with 0 errors, 0 critical warnings and 321 warnings.
Synthesis Optimization Runtime : Time (s): cpu = 00:00:46 ; elapsed = 00:01:39 . Memory (MB): peak = 1586.984 ; gain = 155.562 ; free physical = 301 ; free virtual = 9201
Synthesis Optimization Complete : Time (s): cpu = 00:01:05 ; elapsed = 00:04:01 . Memory (MB): peak = 1586.992 ; gain = 442.172 ; free physical = 297 ; free virtual = 9203
INFO: [Project 1-571] Translating synthesized netlist
INFO: [Project 1-570] Preparing netlist for logic optimization
INFO: [Opt 31-138] Pushed 0 inverter(s) to 0 load pin(s).
INFO: [Project 1-111] Unisim Transformation Summary:
No Unisim elements were transformed.

INFO: [Common 17-83] Releasing license: Synthesis
21 Infos, 100 Warnings, 0 Critical Warnings and 0 Errors encountered.
synth_design completed successfully
synth_design: Time (s): cpu = 00:01:07 ; elapsed = 00:04:42 . Memory (MB): peak = 1586.992 ; gain = 455.551 ; free physical = 388 ; free virtual = 9120
INFO: [Common 17-1381] The checkpoint '/ectf_master/pl/proj/test/test.runs/system_data_lmb_bram_if_cntlr_1_0_synth_1/system_data_lmb_bram_if_cntlr_1_0.dcp' has been generated.
