#-----------------------------------------------------------
# updatemem v2017.4 (64-bit)
# SW Build 2086221 on Fri Dec 15 20:54:30 MST 2017
# 
# Start of session at: Mon Apr 13 19:32:12 2020
# Process ID: 8438
# Current directory: /ectf/tools
# Command line: updatemem -mode batch -source /opt/Xilinx/SDK/2017.4/scripts/updatemem/main.tcl -notrace -tclargs -meminfo ..//mb/test/system_wrapper.mmi -data ..//mb/drm_audio_fw/Debug/drm_audio_fw.elf -proc system_i/microblaze_0 -bit ..//mb/test/system_wrapper.bit -out device//download.bit -force
# Log file: /ectf/tools/updatemem.log
# Journal file: /ectf/tools/updatemem.jou
#-----------------------------------------------------------
source /opt/Xilinx/SDK/2017.4/scripts/updatemem/main.tcl -notrace
 Loading bitfile ..//mb/test/system_wrapper.bit
Loading data files...
Updating memory content...
Creating bitstream...
Bitstream compression saved 7675712 bits.
Writing bitstream device//download.bit...
  update_mem: Time (s): cpu = 00:00:06 ; elapsed = 00:00:07 . Memory (MB): peak = 915.426 ; gain = 405.164 ; free physical = 1345 ; free virtual = 3532
INFO: [Common 17-206] Exiting updatemem at Mon Apr 13 19:32:20 2020...
