#-----------------------------------------------------------
# updatemem v2017.4 (64-bit)
# SW Build 2086221 on Fri Dec 15 20:54:30 MST 2017
# 
# Start of session at: Sat Apr  4 16:29:37 2020
# Process ID: 36694
# Current directory: /ectf_dev/ectf/eCTF20/tools
# Command line: updatemem -mode batch -source /opt/Xilinx/SDK/2017.4/scripts/updatemem/main.tcl -notrace -tclargs -meminfo ..//mb/test/system_wrapper.mmi -data ..//mb/drm_audio_fw/Debug/drm_audio_fw.elf -proc system_i/microblaze_0 -bit ..//mb/test/system_wrapper.bit -out device1//download.bit -force
# Log file: /ectf_dev/ectf/eCTF20/tools/updatemem.log
# Journal file: /ectf_dev/ectf/eCTF20/tools/updatemem.jou
#-----------------------------------------------------------
source /opt/Xilinx/SDK/2017.4/scripts/updatemem/main.tcl -notrace
 Loading bitfile ..//mb/test/system_wrapper.bit
Loading data files...
Updating memory content...
Creating bitstream...
Bitstream compression saved 8391232 bits.
Writing bitstream device1//download.bit...
  update_mem: Time (s): cpu = 00:00:06 ; elapsed = 00:00:06 . Memory (MB): peak = 885.453 ; gain = 405.164 ; free physical = 7269 ; free virtual = 13267
INFO: [Common 17-206] Exiting updatemem at Sat Apr  4 16:29:44 2020...
