Copyright 1986-2017 Xilinx, Inc. All Rights Reserved.
-----------------------------------------------------------------------------------------------------------------------------------------------------------------------------------------------
| Tool Version : Vivado v.2017.4 (lin64) Build 2086221 Fri Dec 15 20:54:30 MST 2017
| Date         : Sun Jan 26 15:32:50 2020
| Host         : ssg1 running 64-bit Manjaro Linux
| Command      : report_methodology -file birdwtch_iface_v1_0_methodology_drc_routed.rpt -pb birdwtch_iface_v1_0_methodology_drc_routed.pb -rpx birdwtch_iface_v1_0_methodology_drc_routed.rpx
| Design       : birdwtch_iface_v1_0
| Device       : xc7z007sclg400-1
| Speed File   : -1
| Design State : Routed
-----------------------------------------------------------------------------------------------------------------------------------------------------------------------------------------------

Report Methodology

Table of Contents
-----------------
1. REPORT SUMMARY
2. REPORT DETAILS

1. REPORT SUMMARY
-----------------
            Netlist: netlist
          Floorplan: design_1
      Design limits: <entire design considered>
             Max violations: <unlimited>
             Violations found: 141
+-----------+----------+-----------------------------+------------+
| Rule      | Severity | Description                 | Violations |
+-----------+----------+-----------------------------+------------+
| TIMING-17 | Warning  | Non-clocked sequential cell | 141        |
+-----------+----------+-----------------------------+------------+

2. REPORT DETAILS
-----------------
TIMING-17#1 Warning
Non-clocked sequential cell  
The clock pin birdwtch_iface_v1_0_S00_AXI_inst/axi_arready_reg/C is not reached by a timing clock
Related violations: <none>

TIMING-17#2 Warning
Non-clocked sequential cell  
The clock pin birdwtch_iface_v1_0_S00_AXI_inst/axi_awready_reg/C is not reached by a timing clock
Related violations: <none>

TIMING-17#3 Warning
Non-clocked sequential cell  
The clock pin birdwtch_iface_v1_0_S00_AXI_inst/axi_bvalid_reg/C is not reached by a timing clock
Related violations: <none>

TIMING-17#4 Warning
Non-clocked sequential cell  
The clock pin birdwtch_iface_v1_0_S00_AXI_inst/axi_rdata_reg[0]/C is not reached by a timing clock
Related violations: <none>

TIMING-17#5 Warning
Non-clocked sequential cell  
The clock pin birdwtch_iface_v1_0_S00_AXI_inst/axi_rdata_reg[10]/C is not reached by a timing clock
Related violations: <none>

TIMING-17#6 Warning
Non-clocked sequential cell  
The clock pin birdwtch_iface_v1_0_S00_AXI_inst/axi_rdata_reg[11]/C is not reached by a timing clock
Related violations: <none>

TIMING-17#7 Warning
Non-clocked sequential cell  
The clock pin birdwtch_iface_v1_0_S00_AXI_inst/axi_rdata_reg[12]/C is not reached by a timing clock
Related violations: <none>

TIMING-17#8 Warning
Non-clocked sequential cell  
The clock pin birdwtch_iface_v1_0_S00_AXI_inst/axi_rdata_reg[13]/C is not reached by a timing clock
Related violations: <none>

TIMING-17#9 Warning
Non-clocked sequential cell  
The clock pin birdwtch_iface_v1_0_S00_AXI_inst/axi_rdata_reg[14]/C is not reached by a timing clock
Related violations: <none>

TIMING-17#10 Warning
Non-clocked sequential cell  
The clock pin birdwtch_iface_v1_0_S00_AXI_inst/axi_rdata_reg[15]/C is not reached by a timing clock
Related violations: <none>

TIMING-17#11 Warning
Non-clocked sequential cell  
The clock pin birdwtch_iface_v1_0_S00_AXI_inst/axi_rdata_reg[16]/C is not reached by a timing clock
Related violations: <none>

TIMING-17#12 Warning
Non-clocked sequential cell  
The clock pin birdwtch_iface_v1_0_S00_AXI_inst/axi_rdata_reg[17]/C is not reached by a timing clock
Related violations: <none>

TIMING-17#13 Warning
Non-clocked sequential cell  
The clock pin birdwtch_iface_v1_0_S00_AXI_inst/axi_rdata_reg[18]/C is not reached by a timing clock
Related violations: <none>

TIMING-17#14 Warning
Non-clocked sequential cell  
The clock pin birdwtch_iface_v1_0_S00_AXI_inst/axi_rdata_reg[19]/C is not reached by a timing clock
Related violations: <none>

TIMING-17#15 Warning
Non-clocked sequential cell  
The clock pin birdwtch_iface_v1_0_S00_AXI_inst/axi_rdata_reg[1]/C is not reached by a timing clock
Related violations: <none>

TIMING-17#16 Warning
Non-clocked sequential cell  
The clock pin birdwtch_iface_v1_0_S00_AXI_inst/axi_rdata_reg[20]/C is not reached by a timing clock
Related violations: <none>

TIMING-17#17 Warning
Non-clocked sequential cell  
The clock pin birdwtch_iface_v1_0_S00_AXI_inst/axi_rdata_reg[21]/C is not reached by a timing clock
Related violations: <none>

TIMING-17#18 Warning
Non-clocked sequential cell  
The clock pin birdwtch_iface_v1_0_S00_AXI_inst/axi_rdata_reg[22]/C is not reached by a timing clock
Related violations: <none>

TIMING-17#19 Warning
Non-clocked sequential cell  
The clock pin birdwtch_iface_v1_0_S00_AXI_inst/axi_rdata_reg[23]/C is not reached by a timing clock
Related violations: <none>

TIMING-17#20 Warning
Non-clocked sequential cell  
The clock pin birdwtch_iface_v1_0_S00_AXI_inst/axi_rdata_reg[24]/C is not reached by a timing clock
Related violations: <none>

TIMING-17#21 Warning
Non-clocked sequential cell  
The clock pin birdwtch_iface_v1_0_S00_AXI_inst/axi_rdata_reg[25]/C is not reached by a timing clock
Related violations: <none>

TIMING-17#22 Warning
Non-clocked sequential cell  
The clock pin birdwtch_iface_v1_0_S00_AXI_inst/axi_rdata_reg[26]/C is not reached by a timing clock
Related violations: <none>

TIMING-17#23 Warning
Non-clocked sequential cell  
The clock pin birdwtch_iface_v1_0_S00_AXI_inst/axi_rdata_reg[27]/C is not reached by a timing clock
Related violations: <none>

TIMING-17#24 Warning
Non-clocked sequential cell  
The clock pin birdwtch_iface_v1_0_S00_AXI_inst/axi_rdata_reg[28]/C is not reached by a timing clock
Related violations: <none>

TIMING-17#25 Warning
Non-clocked sequential cell  
The clock pin birdwtch_iface_v1_0_S00_AXI_inst/axi_rdata_reg[29]/C is not reached by a timing clock
Related violations: <none>

TIMING-17#26 Warning
Non-clocked sequential cell  
The clock pin birdwtch_iface_v1_0_S00_AXI_inst/axi_rdata_reg[2]/C is not reached by a timing clock
Related violations: <none>

TIMING-17#27 Warning
Non-clocked sequential cell  
The clock pin birdwtch_iface_v1_0_S00_AXI_inst/axi_rdata_reg[30]/C is not reached by a timing clock
Related violations: <none>

TIMING-17#28 Warning
Non-clocked sequential cell  
The clock pin birdwtch_iface_v1_0_S00_AXI_inst/axi_rdata_reg[31]/C is not reached by a timing clock
Related violations: <none>

TIMING-17#29 Warning
Non-clocked sequential cell  
The clock pin birdwtch_iface_v1_0_S00_AXI_inst/axi_rdata_reg[3]/C is not reached by a timing clock
Related violations: <none>

TIMING-17#30 Warning
Non-clocked sequential cell  
The clock pin birdwtch_iface_v1_0_S00_AXI_inst/axi_rdata_reg[4]/C is not reached by a timing clock
Related violations: <none>

TIMING-17#31 Warning
Non-clocked sequential cell  
The clock pin birdwtch_iface_v1_0_S00_AXI_inst/axi_rdata_reg[5]/C is not reached by a timing clock
Related violations: <none>

TIMING-17#32 Warning
Non-clocked sequential cell  
The clock pin birdwtch_iface_v1_0_S00_AXI_inst/axi_rdata_reg[6]/C is not reached by a timing clock
Related violations: <none>

TIMING-17#33 Warning
Non-clocked sequential cell  
The clock pin birdwtch_iface_v1_0_S00_AXI_inst/axi_rdata_reg[7]/C is not reached by a timing clock
Related violations: <none>

TIMING-17#34 Warning
Non-clocked sequential cell  
The clock pin birdwtch_iface_v1_0_S00_AXI_inst/axi_rdata_reg[8]/C is not reached by a timing clock
Related violations: <none>

TIMING-17#35 Warning
Non-clocked sequential cell  
The clock pin birdwtch_iface_v1_0_S00_AXI_inst/axi_rdata_reg[9]/C is not reached by a timing clock
Related violations: <none>

TIMING-17#36 Warning
Non-clocked sequential cell  
The clock pin birdwtch_iface_v1_0_S00_AXI_inst/axi_rvalid_reg/C is not reached by a timing clock
Related violations: <none>

TIMING-17#37 Warning
Non-clocked sequential cell  
The clock pin birdwtch_iface_v1_0_S00_AXI_inst/axi_wready_reg/C is not reached by a timing clock
Related violations: <none>

TIMING-17#38 Warning
Non-clocked sequential cell  
The clock pin birdwtch_iface_v1_0_S00_AXI_inst/pre_raddr_reg[2]/C is not reached by a timing clock
Related violations: <none>

TIMING-17#39 Warning
Non-clocked sequential cell  
The clock pin birdwtch_iface_v1_0_S00_AXI_inst/pre_raddr_reg[3]/C is not reached by a timing clock
Related violations: <none>

TIMING-17#40 Warning
Non-clocked sequential cell  
The clock pin birdwtch_iface_v1_0_S00_AXI_inst/pre_waddr_reg[2]/C is not reached by a timing clock
Related violations: <none>

TIMING-17#41 Warning
Non-clocked sequential cell  
The clock pin birdwtch_iface_v1_0_S00_AXI_inst/pre_waddr_reg[3]/C is not reached by a timing clock
Related violations: <none>

TIMING-17#42 Warning
Non-clocked sequential cell  
The clock pin birdwtch_iface_v1_0_S00_AXI_inst/pre_wdata_reg[0]/C is not reached by a timing clock
Related violations: <none>

TIMING-17#43 Warning
Non-clocked sequential cell  
The clock pin birdwtch_iface_v1_0_S00_AXI_inst/pre_wdata_reg[10]/C is not reached by a timing clock
Related violations: <none>

TIMING-17#44 Warning
Non-clocked sequential cell  
The clock pin birdwtch_iface_v1_0_S00_AXI_inst/pre_wdata_reg[11]/C is not reached by a timing clock
Related violations: <none>

TIMING-17#45 Warning
Non-clocked sequential cell  
The clock pin birdwtch_iface_v1_0_S00_AXI_inst/pre_wdata_reg[12]/C is not reached by a timing clock
Related violations: <none>

TIMING-17#46 Warning
Non-clocked sequential cell  
The clock pin birdwtch_iface_v1_0_S00_AXI_inst/pre_wdata_reg[13]/C is not reached by a timing clock
Related violations: <none>

TIMING-17#47 Warning
Non-clocked sequential cell  
The clock pin birdwtch_iface_v1_0_S00_AXI_inst/pre_wdata_reg[14]/C is not reached by a timing clock
Related violations: <none>

TIMING-17#48 Warning
Non-clocked sequential cell  
The clock pin birdwtch_iface_v1_0_S00_AXI_inst/pre_wdata_reg[15]/C is not reached by a timing clock
Related violations: <none>

TIMING-17#49 Warning
Non-clocked sequential cell  
The clock pin birdwtch_iface_v1_0_S00_AXI_inst/pre_wdata_reg[16]/C is not reached by a timing clock
Related violations: <none>

TIMING-17#50 Warning
Non-clocked sequential cell  
The clock pin birdwtch_iface_v1_0_S00_AXI_inst/pre_wdata_reg[17]/C is not reached by a timing clock
Related violations: <none>

TIMING-17#51 Warning
Non-clocked sequential cell  
The clock pin birdwtch_iface_v1_0_S00_AXI_inst/pre_wdata_reg[18]/C is not reached by a timing clock
Related violations: <none>

TIMING-17#52 Warning
Non-clocked sequential cell  
The clock pin birdwtch_iface_v1_0_S00_AXI_inst/pre_wdata_reg[19]/C is not reached by a timing clock
Related violations: <none>

TIMING-17#53 Warning
Non-clocked sequential cell  
The clock pin birdwtch_iface_v1_0_S00_AXI_inst/pre_wdata_reg[1]/C is not reached by a timing clock
Related violations: <none>

TIMING-17#54 Warning
Non-clocked sequential cell  
The clock pin birdwtch_iface_v1_0_S00_AXI_inst/pre_wdata_reg[20]/C is not reached by a timing clock
Related violations: <none>

TIMING-17#55 Warning
Non-clocked sequential cell  
The clock pin birdwtch_iface_v1_0_S00_AXI_inst/pre_wdata_reg[21]/C is not reached by a timing clock
Related violations: <none>

TIMING-17#56 Warning
Non-clocked sequential cell  
The clock pin birdwtch_iface_v1_0_S00_AXI_inst/pre_wdata_reg[22]/C is not reached by a timing clock
Related violations: <none>

TIMING-17#57 Warning
Non-clocked sequential cell  
The clock pin birdwtch_iface_v1_0_S00_AXI_inst/pre_wdata_reg[23]/C is not reached by a timing clock
Related violations: <none>

TIMING-17#58 Warning
Non-clocked sequential cell  
The clock pin birdwtch_iface_v1_0_S00_AXI_inst/pre_wdata_reg[24]/C is not reached by a timing clock
Related violations: <none>

TIMING-17#59 Warning
Non-clocked sequential cell  
The clock pin birdwtch_iface_v1_0_S00_AXI_inst/pre_wdata_reg[25]/C is not reached by a timing clock
Related violations: <none>

TIMING-17#60 Warning
Non-clocked sequential cell  
The clock pin birdwtch_iface_v1_0_S00_AXI_inst/pre_wdata_reg[26]/C is not reached by a timing clock
Related violations: <none>

TIMING-17#61 Warning
Non-clocked sequential cell  
The clock pin birdwtch_iface_v1_0_S00_AXI_inst/pre_wdata_reg[27]/C is not reached by a timing clock
Related violations: <none>

TIMING-17#62 Warning
Non-clocked sequential cell  
The clock pin birdwtch_iface_v1_0_S00_AXI_inst/pre_wdata_reg[28]/C is not reached by a timing clock
Related violations: <none>

TIMING-17#63 Warning
Non-clocked sequential cell  
The clock pin birdwtch_iface_v1_0_S00_AXI_inst/pre_wdata_reg[29]/C is not reached by a timing clock
Related violations: <none>

TIMING-17#64 Warning
Non-clocked sequential cell  
The clock pin birdwtch_iface_v1_0_S00_AXI_inst/pre_wdata_reg[2]/C is not reached by a timing clock
Related violations: <none>

TIMING-17#65 Warning
Non-clocked sequential cell  
The clock pin birdwtch_iface_v1_0_S00_AXI_inst/pre_wdata_reg[30]/C is not reached by a timing clock
Related violations: <none>

TIMING-17#66 Warning
Non-clocked sequential cell  
The clock pin birdwtch_iface_v1_0_S00_AXI_inst/pre_wdata_reg[31]/C is not reached by a timing clock
Related violations: <none>

TIMING-17#67 Warning
Non-clocked sequential cell  
The clock pin birdwtch_iface_v1_0_S00_AXI_inst/pre_wdata_reg[3]/C is not reached by a timing clock
Related violations: <none>

TIMING-17#68 Warning
Non-clocked sequential cell  
The clock pin birdwtch_iface_v1_0_S00_AXI_inst/pre_wdata_reg[4]/C is not reached by a timing clock
Related violations: <none>

TIMING-17#69 Warning
Non-clocked sequential cell  
The clock pin birdwtch_iface_v1_0_S00_AXI_inst/pre_wdata_reg[5]/C is not reached by a timing clock
Related violations: <none>

TIMING-17#70 Warning
Non-clocked sequential cell  
The clock pin birdwtch_iface_v1_0_S00_AXI_inst/pre_wdata_reg[6]/C is not reached by a timing clock
Related violations: <none>

TIMING-17#71 Warning
Non-clocked sequential cell  
The clock pin birdwtch_iface_v1_0_S00_AXI_inst/pre_wdata_reg[7]/C is not reached by a timing clock
Related violations: <none>

TIMING-17#72 Warning
Non-clocked sequential cell  
The clock pin birdwtch_iface_v1_0_S00_AXI_inst/pre_wdata_reg[8]/C is not reached by a timing clock
Related violations: <none>

TIMING-17#73 Warning
Non-clocked sequential cell  
The clock pin birdwtch_iface_v1_0_S00_AXI_inst/pre_wdata_reg[9]/C is not reached by a timing clock
Related violations: <none>

TIMING-17#74 Warning
Non-clocked sequential cell  
The clock pin birdwtch_iface_v1_0_S00_AXI_inst/pre_wstrb_reg[0]/C is not reached by a timing clock
Related violations: <none>

TIMING-17#75 Warning
Non-clocked sequential cell  
The clock pin birdwtch_iface_v1_0_S00_AXI_inst/pre_wstrb_reg[1]/C is not reached by a timing clock
Related violations: <none>

TIMING-17#76 Warning
Non-clocked sequential cell  
The clock pin birdwtch_iface_v1_0_S00_AXI_inst/pre_wstrb_reg[2]/C is not reached by a timing clock
Related violations: <none>

TIMING-17#77 Warning
Non-clocked sequential cell  
The clock pin birdwtch_iface_v1_0_S00_AXI_inst/pre_wstrb_reg[3]/C is not reached by a timing clock
Related violations: <none>

TIMING-17#78 Warning
Non-clocked sequential cell  
The clock pin birdwtch_iface_v1_0_S00_AXI_inst/slv_mem_reg_0_3_0_0/DP/CLK is not reached by a timing clock
Related violations: <none>

TIMING-17#79 Warning
Non-clocked sequential cell  
The clock pin birdwtch_iface_v1_0_S00_AXI_inst/slv_mem_reg_0_3_0_0/SP/CLK is not reached by a timing clock
Related violations: <none>

TIMING-17#80 Warning
Non-clocked sequential cell  
The clock pin birdwtch_iface_v1_0_S00_AXI_inst/slv_mem_reg_0_3_10_10/DP/CLK is not reached by a timing clock
Related violations: <none>

TIMING-17#81 Warning
Non-clocked sequential cell  
The clock pin birdwtch_iface_v1_0_S00_AXI_inst/slv_mem_reg_0_3_10_10/SP/CLK is not reached by a timing clock
Related violations: <none>

TIMING-17#82 Warning
Non-clocked sequential cell  
The clock pin birdwtch_iface_v1_0_S00_AXI_inst/slv_mem_reg_0_3_11_11/DP/CLK is not reached by a timing clock
Related violations: <none>

TIMING-17#83 Warning
Non-clocked sequential cell  
The clock pin birdwtch_iface_v1_0_S00_AXI_inst/slv_mem_reg_0_3_11_11/SP/CLK is not reached by a timing clock
Related violations: <none>

TIMING-17#84 Warning
Non-clocked sequential cell  
The clock pin birdwtch_iface_v1_0_S00_AXI_inst/slv_mem_reg_0_3_12_12/DP/CLK is not reached by a timing clock
Related violations: <none>

TIMING-17#85 Warning
Non-clocked sequential cell  
The clock pin birdwtch_iface_v1_0_S00_AXI_inst/slv_mem_reg_0_3_12_12/SP/CLK is not reached by a timing clock
Related violations: <none>

TIMING-17#86 Warning
Non-clocked sequential cell  
The clock pin birdwtch_iface_v1_0_S00_AXI_inst/slv_mem_reg_0_3_13_13/DP/CLK is not reached by a timing clock
Related violations: <none>

TIMING-17#87 Warning
Non-clocked sequential cell  
The clock pin birdwtch_iface_v1_0_S00_AXI_inst/slv_mem_reg_0_3_13_13/SP/CLK is not reached by a timing clock
Related violations: <none>

TIMING-17#88 Warning
Non-clocked sequential cell  
The clock pin birdwtch_iface_v1_0_S00_AXI_inst/slv_mem_reg_0_3_14_14/DP/CLK is not reached by a timing clock
Related violations: <none>

TIMING-17#89 Warning
Non-clocked sequential cell  
The clock pin birdwtch_iface_v1_0_S00_AXI_inst/slv_mem_reg_0_3_14_14/SP/CLK is not reached by a timing clock
Related violations: <none>

TIMING-17#90 Warning
Non-clocked sequential cell  
The clock pin birdwtch_iface_v1_0_S00_AXI_inst/slv_mem_reg_0_3_15_15/DP/CLK is not reached by a timing clock
Related violations: <none>

TIMING-17#91 Warning
Non-clocked sequential cell  
The clock pin birdwtch_iface_v1_0_S00_AXI_inst/slv_mem_reg_0_3_15_15/SP/CLK is not reached by a timing clock
Related violations: <none>

TIMING-17#92 Warning
Non-clocked sequential cell  
The clock pin birdwtch_iface_v1_0_S00_AXI_inst/slv_mem_reg_0_3_16_16/DP/CLK is not reached by a timing clock
Related violations: <none>

TIMING-17#93 Warning
Non-clocked sequential cell  
The clock pin birdwtch_iface_v1_0_S00_AXI_inst/slv_mem_reg_0_3_16_16/SP/CLK is not reached by a timing clock
Related violations: <none>

TIMING-17#94 Warning
Non-clocked sequential cell  
The clock pin birdwtch_iface_v1_0_S00_AXI_inst/slv_mem_reg_0_3_17_17/DP/CLK is not reached by a timing clock
Related violations: <none>

TIMING-17#95 Warning
Non-clocked sequential cell  
The clock pin birdwtch_iface_v1_0_S00_AXI_inst/slv_mem_reg_0_3_17_17/SP/CLK is not reached by a timing clock
Related violations: <none>

TIMING-17#96 Warning
Non-clocked sequential cell  
The clock pin birdwtch_iface_v1_0_S00_AXI_inst/slv_mem_reg_0_3_18_18/DP/CLK is not reached by a timing clock
Related violations: <none>

TIMING-17#97 Warning
Non-clocked sequential cell  
The clock pin birdwtch_iface_v1_0_S00_AXI_inst/slv_mem_reg_0_3_18_18/SP/CLK is not reached by a timing clock
Related violations: <none>

TIMING-17#98 Warning
Non-clocked sequential cell  
The clock pin birdwtch_iface_v1_0_S00_AXI_inst/slv_mem_reg_0_3_19_19/DP/CLK is not reached by a timing clock
Related violations: <none>

TIMING-17#99 Warning
Non-clocked sequential cell  
The clock pin birdwtch_iface_v1_0_S00_AXI_inst/slv_mem_reg_0_3_19_19/SP/CLK is not reached by a timing clock
Related violations: <none>

TIMING-17#100 Warning
Non-clocked sequential cell  
The clock pin birdwtch_iface_v1_0_S00_AXI_inst/slv_mem_reg_0_3_1_1/DP/CLK is not reached by a timing clock
Related violations: <none>

TIMING-17#101 Warning
Non-clocked sequential cell  
The clock pin birdwtch_iface_v1_0_S00_AXI_inst/slv_mem_reg_0_3_1_1/SP/CLK is not reached by a timing clock
Related violations: <none>

TIMING-17#102 Warning
Non-clocked sequential cell  
The clock pin birdwtch_iface_v1_0_S00_AXI_inst/slv_mem_reg_0_3_20_20/DP/CLK is not reached by a timing clock
Related violations: <none>

TIMING-17#103 Warning
Non-clocked sequential cell  
The clock pin birdwtch_iface_v1_0_S00_AXI_inst/slv_mem_reg_0_3_20_20/SP/CLK is not reached by a timing clock
Related violations: <none>

TIMING-17#104 Warning
Non-clocked sequential cell  
The clock pin birdwtch_iface_v1_0_S00_AXI_inst/slv_mem_reg_0_3_21_21/DP/CLK is not reached by a timing clock
Related violations: <none>

TIMING-17#105 Warning
Non-clocked sequential cell  
The clock pin birdwtch_iface_v1_0_S00_AXI_inst/slv_mem_reg_0_3_21_21/SP/CLK is not reached by a timing clock
Related violations: <none>

TIMING-17#106 Warning
Non-clocked sequential cell  
The clock pin birdwtch_iface_v1_0_S00_AXI_inst/slv_mem_reg_0_3_22_22/DP/CLK is not reached by a timing clock
Related violations: <none>

TIMING-17#107 Warning
Non-clocked sequential cell  
The clock pin birdwtch_iface_v1_0_S00_AXI_inst/slv_mem_reg_0_3_22_22/SP/CLK is not reached by a timing clock
Related violations: <none>

TIMING-17#108 Warning
Non-clocked sequential cell  
The clock pin birdwtch_iface_v1_0_S00_AXI_inst/slv_mem_reg_0_3_23_23/DP/CLK is not reached by a timing clock
Related violations: <none>

TIMING-17#109 Warning
Non-clocked sequential cell  
The clock pin birdwtch_iface_v1_0_S00_AXI_inst/slv_mem_reg_0_3_23_23/SP/CLK is not reached by a timing clock
Related violations: <none>

TIMING-17#110 Warning
Non-clocked sequential cell  
The clock pin birdwtch_iface_v1_0_S00_AXI_inst/slv_mem_reg_0_3_24_24/DP/CLK is not reached by a timing clock
Related violations: <none>

TIMING-17#111 Warning
Non-clocked sequential cell  
The clock pin birdwtch_iface_v1_0_S00_AXI_inst/slv_mem_reg_0_3_24_24/SP/CLK is not reached by a timing clock
Related violations: <none>

TIMING-17#112 Warning
Non-clocked sequential cell  
The clock pin birdwtch_iface_v1_0_S00_AXI_inst/slv_mem_reg_0_3_25_25/DP/CLK is not reached by a timing clock
Related violations: <none>

TIMING-17#113 Warning
Non-clocked sequential cell  
The clock pin birdwtch_iface_v1_0_S00_AXI_inst/slv_mem_reg_0_3_25_25/SP/CLK is not reached by a timing clock
Related violations: <none>

TIMING-17#114 Warning
Non-clocked sequential cell  
The clock pin birdwtch_iface_v1_0_S00_AXI_inst/slv_mem_reg_0_3_26_26/DP/CLK is not reached by a timing clock
Related violations: <none>

TIMING-17#115 Warning
Non-clocked sequential cell  
The clock pin birdwtch_iface_v1_0_S00_AXI_inst/slv_mem_reg_0_3_26_26/SP/CLK is not reached by a timing clock
Related violations: <none>

TIMING-17#116 Warning
Non-clocked sequential cell  
The clock pin birdwtch_iface_v1_0_S00_AXI_inst/slv_mem_reg_0_3_27_27/DP/CLK is not reached by a timing clock
Related violations: <none>

TIMING-17#117 Warning
Non-clocked sequential cell  
The clock pin birdwtch_iface_v1_0_S00_AXI_inst/slv_mem_reg_0_3_27_27/SP/CLK is not reached by a timing clock
Related violations: <none>

TIMING-17#118 Warning
Non-clocked sequential cell  
The clock pin birdwtch_iface_v1_0_S00_AXI_inst/slv_mem_reg_0_3_28_28/DP/CLK is not reached by a timing clock
Related violations: <none>

TIMING-17#119 Warning
Non-clocked sequential cell  
The clock pin birdwtch_iface_v1_0_S00_AXI_inst/slv_mem_reg_0_3_28_28/SP/CLK is not reached by a timing clock
Related violations: <none>

TIMING-17#120 Warning
Non-clocked sequential cell  
The clock pin birdwtch_iface_v1_0_S00_AXI_inst/slv_mem_reg_0_3_29_29/DP/CLK is not reached by a timing clock
Related violations: <none>

TIMING-17#121 Warning
Non-clocked sequential cell  
The clock pin birdwtch_iface_v1_0_S00_AXI_inst/slv_mem_reg_0_3_29_29/SP/CLK is not reached by a timing clock
Related violations: <none>

TIMING-17#122 Warning
Non-clocked sequential cell  
The clock pin birdwtch_iface_v1_0_S00_AXI_inst/slv_mem_reg_0_3_2_2/DP/CLK is not reached by a timing clock
Related violations: <none>

TIMING-17#123 Warning
Non-clocked sequential cell  
The clock pin birdwtch_iface_v1_0_S00_AXI_inst/slv_mem_reg_0_3_2_2/SP/CLK is not reached by a timing clock
Related violations: <none>

TIMING-17#124 Warning
Non-clocked sequential cell  
The clock pin birdwtch_iface_v1_0_S00_AXI_inst/slv_mem_reg_0_3_30_30/DP/CLK is not reached by a timing clock
Related violations: <none>

TIMING-17#125 Warning
Non-clocked sequential cell  
The clock pin birdwtch_iface_v1_0_S00_AXI_inst/slv_mem_reg_0_3_30_30/SP/CLK is not reached by a timing clock
Related violations: <none>

TIMING-17#126 Warning
Non-clocked sequential cell  
The clock pin birdwtch_iface_v1_0_S00_AXI_inst/slv_mem_reg_0_3_31_31/DP/CLK is not reached by a timing clock
Related violations: <none>

TIMING-17#127 Warning
Non-clocked sequential cell  
The clock pin birdwtch_iface_v1_0_S00_AXI_inst/slv_mem_reg_0_3_31_31/SP/CLK is not reached by a timing clock
Related violations: <none>

TIMING-17#128 Warning
Non-clocked sequential cell  
The clock pin birdwtch_iface_v1_0_S00_AXI_inst/slv_mem_reg_0_3_3_3/DP/CLK is not reached by a timing clock
Related violations: <none>

TIMING-17#129 Warning
Non-clocked sequential cell  
The clock pin birdwtch_iface_v1_0_S00_AXI_inst/slv_mem_reg_0_3_3_3/SP/CLK is not reached by a timing clock
Related violations: <none>

TIMING-17#130 Warning
Non-clocked sequential cell  
The clock pin birdwtch_iface_v1_0_S00_AXI_inst/slv_mem_reg_0_3_4_4/DP/CLK is not reached by a timing clock
Related violations: <none>

TIMING-17#131 Warning
Non-clocked sequential cell  
The clock pin birdwtch_iface_v1_0_S00_AXI_inst/slv_mem_reg_0_3_4_4/SP/CLK is not reached by a timing clock
Related violations: <none>

TIMING-17#132 Warning
Non-clocked sequential cell  
The clock pin birdwtch_iface_v1_0_S00_AXI_inst/slv_mem_reg_0_3_5_5/DP/CLK is not reached by a timing clock
Related violations: <none>

TIMING-17#133 Warning
Non-clocked sequential cell  
The clock pin birdwtch_iface_v1_0_S00_AXI_inst/slv_mem_reg_0_3_5_5/SP/CLK is not reached by a timing clock
Related violations: <none>

TIMING-17#134 Warning
Non-clocked sequential cell  
The clock pin birdwtch_iface_v1_0_S00_AXI_inst/slv_mem_reg_0_3_6_6/DP/CLK is not reached by a timing clock
Related violations: <none>

TIMING-17#135 Warning
Non-clocked sequential cell  
The clock pin birdwtch_iface_v1_0_S00_AXI_inst/slv_mem_reg_0_3_6_6/SP/CLK is not reached by a timing clock
Related violations: <none>

TIMING-17#136 Warning
Non-clocked sequential cell  
The clock pin birdwtch_iface_v1_0_S00_AXI_inst/slv_mem_reg_0_3_7_7/DP/CLK is not reached by a timing clock
Related violations: <none>

TIMING-17#137 Warning
Non-clocked sequential cell  
The clock pin birdwtch_iface_v1_0_S00_AXI_inst/slv_mem_reg_0_3_7_7/SP/CLK is not reached by a timing clock
Related violations: <none>

TIMING-17#138 Warning
Non-clocked sequential cell  
The clock pin birdwtch_iface_v1_0_S00_AXI_inst/slv_mem_reg_0_3_8_8/DP/CLK is not reached by a timing clock
Related violations: <none>

TIMING-17#139 Warning
Non-clocked sequential cell  
The clock pin birdwtch_iface_v1_0_S00_AXI_inst/slv_mem_reg_0_3_8_8/SP/CLK is not reached by a timing clock
Related violations: <none>

TIMING-17#140 Warning
Non-clocked sequential cell  
The clock pin birdwtch_iface_v1_0_S00_AXI_inst/slv_mem_reg_0_3_9_9/DP/CLK is not reached by a timing clock
Related violations: <none>

TIMING-17#141 Warning
Non-clocked sequential cell  
The clock pin birdwtch_iface_v1_0_S00_AXI_inst/slv_mem_reg_0_3_9_9/SP/CLK is not reached by a timing clock
Related violations: <none>


